août 27, 2022 10:04:08 AM org.apache.catalina.core.AprLifecycleListener init
INFOS: The APR based Apache Tomcat Native library which allows optimal performance in production environments was not found on the java.library.path: C:\Program Files\Java\jre1.8.0_251\bin;C:\Windows\Sun\Java\bin;C:\Windows\system32;C:\Windows;C:\Program Files (x86)\Common Files\Oracle\Java\javapath;C:\Windows\system32;C:\Windows;C:\Windows\System32\Wbem;C:\Windows\System32\WindowsPowerShell\v1.0\;C:\Program Files (x86)\Microsoft VS Code\bin;C:\Program Files\nodejs\;C:\Program Files\apache-maven-3.6.3\bin;C:\Program Files\Git\cmd;C:\Program Files (x86)\MySQL\MySQL Server 5.5\bin;C:\Users\Free Services Plus\AppData\Roaming\npm;C:\Program Files (x86)\Slot Constructor\bin;C:\Program Files (x86)\Slot Constructor\plugins;C:\Users\Free Services Plus\AppData\Local\Programs\Microsoft VS Code\bin;.
août 27, 2022 10:04:11 AM org.apache.coyote.AbstractProtocol init
INFOS: Initializing ProtocolHandler ["http-bio-8080"]
août 27, 2022 10:04:11 AM org.apache.coyote.AbstractProtocol init
INFOS: Initializing ProtocolHandler ["ajp-bio-8009"]
août 27, 2022 10:04:11 AM org.apache.catalina.startup.Catalina load
INFOS: Initialization processed in 5439 ms
août 27, 2022 10:04:11 AM org.apache.catalina.core.StandardService startInternal
INFOS: Démarrage du service Catalina
août 27, 2022 10:04:11 AM org.apache.catalina.core.StandardEngine startInternal
INFOS: Starting Servlet Engine: Apache Tomcat/7.0.47
août 27, 2022 10:04:11 AM org.apache.catalina.startup.HostConfig deployWAR
INFOS: Déploiement de l'archive E:\apache-tomcat-7.0.47\webapps\administrator.war de l'application web
août 27, 2022 10:04:31 AM org.apache.catalina.util.SessionIdGenerator createSecureRandom
INFOS: Creation of SecureRandom instance for session ID generation using [SHA1PRNG] took [922] milliseconds.
août 27, 2022 10:04:36 AM org.apache.catalina.startup.HostConfig deployWAR
INFOS: Déploiement de l'archive E:\apache-tomcat-7.0.47\webapps\superbet.war de l'application web
août 27, 2022 10:04:59 AM org.apache.catalina.startup.HostConfig deployDirectory
INFOS: Déploiement du répertoire E:\apache-tomcat-7.0.47\webapps\docs de l'application web
août 27, 2022 10:05:03 AM org.apache.catalina.startup.HostConfig deployDirectory
INFOS: Déploiement du répertoire E:\apache-tomcat-7.0.47\webapps\examples de l'application web
août 27, 2022 10:05:17 AM org.apache.catalina.startup.TaglibUriRule body
INFOS: TLD skipped. URI: http://java.sun.com/jstl/core_rt is already defined
août 27, 2022 10:05:17 AM org.apache.catalina.startup.TaglibUriRule body
INFOS: TLD skipped. URI: http://java.sun.com/jstl/core is already defined
août 27, 2022 10:05:17 AM org.apache.catalina.startup.TaglibUriRule body
INFOS: TLD skipped. URI: http://java.sun.com/jsp/jstl/core is already defined
août 27, 2022 10:05:17 AM org.apache.catalina.startup.TaglibUriRule body
INFOS: TLD skipped. URI: http://java.sun.com/jstl/fmt_rt is already defined
août 27, 2022 10:05:17 AM org.apache.catalina.startup.TaglibUriRule body
INFOS: TLD skipped. URI: http://java.sun.com/jstl/fmt is already defined
août 27, 2022 10:05:17 AM org.apache.catalina.startup.TaglibUriRule body
INFOS: TLD skipped. URI: http://java.sun.com/jsp/jstl/fmt is already defined
août 27, 2022 10:05:17 AM org.apache.catalina.startup.TaglibUriRule body
INFOS: TLD skipped. URI: http://java.sun.com/jsp/jstl/functions is already defined
août 27, 2022 10:05:17 AM org.apache.catalina.startup.TaglibUriRule body
INFOS: TLD skipped. URI: http://jakarta.apache.org/taglibs/standard/permittedTaglibs is already defined
août 27, 2022 10:05:18 AM org.apache.catalina.startup.TaglibUriRule body
INFOS: TLD skipped. URI: http://jakarta.apache.org/taglibs/standard/scriptfree is already defined
août 27, 2022 10:05:18 AM org.apache.catalina.startup.TaglibUriRule body
INFOS: TLD skipped. URI: http://java.sun.com/jstl/sql_rt is already defined
août 27, 2022 10:05:18 AM org.apache.catalina.startup.TaglibUriRule body
INFOS: TLD skipped. URI: http://java.sun.com/jstl/sql is already defined
août 27, 2022 10:05:18 AM org.apache.catalina.startup.TaglibUriRule body
INFOS: TLD skipped. URI: http://java.sun.com/jsp/jstl/sql is already defined
août 27, 2022 10:05:18 AM org.apache.catalina.startup.TaglibUriRule body
INFOS: TLD skipped. URI: http://java.sun.com/jstl/xml_rt is already defined
août 27, 2022 10:05:18 AM org.apache.catalina.startup.TaglibUriRule body
INFOS: TLD skipped. URI: http://java.sun.com/jstl/xml is already defined
août 27, 2022 10:05:18 AM org.apache.catalina.startup.TaglibUriRule body
INFOS: TLD skipped. URI: http://java.sun.com/jsp/jstl/xml is already defined
août 27, 2022 10:05:18 AM org.apache.catalina.startup.HostConfig deployDirectory
INFOS: Déploiement du répertoire E:\apache-tomcat-7.0.47\webapps\host-manager de l'application web
août 27, 2022 10:05:21 AM org.apache.catalina.startup.HostConfig deployDirectory
INFOS: Déploiement du répertoire E:\apache-tomcat-7.0.47\webapps\manager de l'application web
août 27, 2022 10:05:25 AM org.apache.catalina.startup.HostConfig deployDirectory
INFOS: Déploiement du répertoire E:\apache-tomcat-7.0.47\webapps\ROOT de l'application web
août 27, 2022 10:05:28 AM org.apache.coyote.AbstractProtocol start
INFOS: Starting ProtocolHandler ["http-bio-8080"]
août 27, 2022 10:05:28 AM org.apache.coyote.AbstractProtocol start
INFOS: Starting ProtocolHandler ["ajp-bio-8009"]
août 27, 2022 10:05:28 AM org.apache.catalina.startup.Catalina start
INFOS: Server startup in 76835 ms
août 27, 2022 3:28:59 PM org.apache.http.impl.execchain.RetryExec execute
INFOS: I/O exception (org.apache.http.NoHttpResponseException) caught when processing request to {}->http://127.0.0.1:9090: The target server failed to respond
août 27, 2022 3:28:59 PM org.apache.http.impl.execchain.RetryExec execute
INFOS: Retrying request to {}->http://127.0.0.1:9090
août 27, 2022 3:29:00 PM org.apache.http.impl.execchain.RetryExec execute
INFOS: I/O exception (java.net.SocketException) caught when processing request to {}->http://127.0.0.1:9090: Connection reset
août 27, 2022 3:29:00 PM org.apache.http.impl.execchain.RetryExec execute
INFOS: Retrying request to {}->http://127.0.0.1:9090
août 27, 2022 3:45:29 PM org.apache.jasper.compiler.TldLocationsCache tldScanJar
INFOS: At least one JAR was scanned for TLDs yet contained no TLDs. Enable debug logging for this logger for a complete list of JARs that were scanned but no TLDs were found in them. Skipping unneeded JARs during scanning can improve startup time and JSP compilation time.
août 27, 2022 4:33:48 PM org.apache.catalina.core.StandardServer await
INFOS: A valid shutdown command was received via the shutdown port. Stopping the Server instance.
août 27, 2022 4:33:49 PM org.apache.coyote.AbstractProtocol pause
INFOS: Pausing ProtocolHandler ["http-bio-8080"]
août 27, 2022 4:33:51 PM org.apache.coyote.AbstractProtocol pause
INFOS: Pausing ProtocolHandler ["ajp-bio-8009"]
août 27, 2022 4:33:51 PM org.apache.catalina.core.StandardService stopInternal
INFOS: Arrêt du service Catalina
août 27, 2022 4:34:20 PM org.apache.catalina.loader.WebappClassLoader clearReferencesThreads
GRAVE: The web application [/superbet] appears to have started a thread named [com.google.common.base.internal.Finalizer] but has failed to stop it. This is very likely to create a memory leak.
août 27, 2022 4:34:20 PM org.apache.catalina.loader.WebappClassLoader clearReferencesThreads
GRAVE: The web application [/superbet] appears to have started a thread named [BoneCP-keep-alive-scheduler] but has failed to stop it. This is very likely to create a memory leak.
août 27, 2022 4:34:20 PM org.apache.catalina.loader.WebappClassLoader clearReferencesThreads
GRAVE: The web application [/superbet] appears to have started a thread named [BoneCP-pool-watch-thread] but has failed to stop it. This is very likely to create a memory leak.
août 27, 2022 4:34:20 PM org.apache.catalina.loader.WebappClassLoader clearReferencesThreads
GRAVE: The web application [/superbet] appears to have started a thread named [Thread-6] but has failed to stop it. This is very likely to create a memory leak.
août 27, 2022 4:34:21 PM org.apache.catalina.loader.WebappClassLoader clearReferencesThreads
GRAVE: The web application [/administrator] appears to have started a thread named [Abandoned connection cleanup thread] but has failed to stop it. This is very likely to create a memory leak.
août 27, 2022 4:34:21 PM org.apache.catalina.loader.WebappClassLoader clearReferencesThreads
GRAVE: The web application [/administrator] appears to have started a thread named [com.google.common.base.internal.Finalizer] but has failed to stop it. This is very likely to create a memory leak.
août 27, 2022 4:34:21 PM org.apache.catalina.loader.WebappClassLoader clearReferencesThreads
GRAVE: The web application [/administrator] appears to have started a thread named [BoneCP-keep-alive-scheduler] but has failed to stop it. This is very likely to create a memory leak.
août 27, 2022 4:34:21 PM org.apache.catalina.loader.WebappClassLoader clearReferencesThreads
GRAVE: The web application [/administrator] appears to have started a thread named [BoneCP-pool-watch-thread] but has failed to stop it. This is very likely to create a memory leak.
août 27, 2022 4:34:21 PM org.apache.coyote.AbstractProtocol stop
INFOS: Stopping ProtocolHandler ["http-bio-8080"]
août 27, 2022 4:34:22 PM org.apache.coyote.AbstractProtocol stop
INFOS: Stopping ProtocolHandler ["ajp-bio-8009"]
août 27, 2022 4:34:22 PM org.apache.coyote.AbstractProtocol destroy
INFOS: Destroying ProtocolHandler ["http-bio-8080"]
août 27, 2022 4:34:22 PM org.apache.coyote.AbstractProtocol destroy
INFOS: Destroying ProtocolHandler ["ajp-bio-8009"]
août 27, 2022 4:34:47 PM org.apache.catalina.core.AprLifecycleListener init
INFOS: The APR based Apache Tomcat Native library which allows optimal performance in production environments was not found on the java.library.path: C:\Program Files\Java\jre1.8.0_251\bin;C:\Windows\Sun\Java\bin;C:\Windows\system32;C:\Windows;C:\Program Files (x86)\Common Files\Oracle\Java\javapath;C:\Windows\system32;C:\Windows;C:\Windows\System32\Wbem;C:\Windows\System32\WindowsPowerShell\v1.0\;C:\Program Files (x86)\Microsoft VS Code\bin;C:\Program Files\nodejs\;C:\Program Files\apache-maven-3.6.3\bin;C:\Program Files\Git\cmd;C:\Program Files (x86)\MySQL\MySQL Server 5.5\bin;C:\Users\Free Services Plus\AppData\Roaming\npm;C:\Program Files (x86)\Slot Constructor\bin;C:\Program Files (x86)\Slot Constructor\plugins;C:\Users\Free Services Plus\AppData\Local\Programs\Microsoft VS Code\bin;.
août 27, 2022 4:34:50 PM org.apache.coyote.AbstractProtocol init
INFOS: Initializing ProtocolHandler ["http-bio-8080"]
août 27, 2022 4:34:50 PM org.apache.coyote.AbstractProtocol init
INFOS: Initializing ProtocolHandler ["ajp-bio-8009"]
août 27, 2022 4:34:50 PM org.apache.catalina.startup.Catalina load
INFOS: Initialization processed in 5152 ms
août 27, 2022 4:34:51 PM org.apache.catalina.core.StandardService startInternal
INFOS: Démarrage du service Catalina
août 27, 2022 4:34:51 PM org.apache.catalina.core.StandardEngine startInternal
INFOS: Starting Servlet Engine: Apache Tomcat/7.0.47
août 27, 2022 4:34:51 PM org.apache.catalina.startup.HostConfig deployWAR
INFOS: Déploiement de l'archive E:\apache-tomcat-7.0.47\webapps\administrator.war de l'application web
août 27, 2022 4:35:25 PM org.apache.catalina.util.SessionIdGenerator createSecureRandom
INFOS: Creation of SecureRandom instance for session ID generation using [SHA1PRNG] took [565] milliseconds.
août 27, 2022 4:35:26 PM org.apache.catalina.startup.HostConfig deployWAR
INFOS: Déploiement de l'archive E:\apache-tomcat-7.0.47\webapps\superbet.war de l'application web
août 27, 2022 4:35:38 PM org.apache.catalina.startup.HostConfig deployDirectory
INFOS: Déploiement du répertoire E:\apache-tomcat-7.0.47\webapps\docs de l'application web
août 27, 2022 4:35:41 PM org.apache.catalina.startup.HostConfig deployDirectory
INFOS: Déploiement du répertoire E:\apache-tomcat-7.0.47\webapps\examples de l'application web
août 27, 2022 4:35:56 PM org.apache.catalina.startup.TaglibUriRule body
INFOS: TLD skipped. URI: http://java.sun.com/jstl/core_rt is already defined
août 27, 2022 4:35:56 PM org.apache.catalina.startup.TaglibUriRule body
INFOS: TLD skipped. URI: http://java.sun.com/jstl/core is already defined
août 27, 2022 4:35:56 PM org.apache.catalina.startup.TaglibUriRule body
INFOS: TLD skipped. URI: http://java.sun.com/jsp/jstl/core is already defined
août 27, 2022 4:35:56 PM org.apache.catalina.startup.TaglibUriRule body
INFOS: TLD skipped. URI: http://java.sun.com/jstl/fmt_rt is already defined
août 27, 2022 4:35:56 PM org.apache.catalina.startup.TaglibUriRule body
INFOS: TLD skipped. URI: http://java.sun.com/jstl/fmt is already defined
août 27, 2022 4:35:56 PM org.apache.catalina.startup.TaglibUriRule body
INFOS: TLD skipped. URI: http://java.sun.com/jsp/jstl/fmt is already defined
août 27, 2022 4:35:56 PM org.apache.catalina.startup.TaglibUriRule body
INFOS: TLD skipped. URI: http://java.sun.com/jsp/jstl/functions is already defined
août 27, 2022 4:35:56 PM org.apache.catalina.startup.TaglibUriRule body
INFOS: TLD skipped. URI: http://jakarta.apache.org/taglibs/standard/permittedTaglibs is already defined
août 27, 2022 4:35:56 PM org.apache.catalina.startup.TaglibUriRule body
INFOS: TLD skipped. URI: http://jakarta.apache.org/taglibs/standard/scriptfree is already defined
août 27, 2022 4:35:56 PM org.apache.catalina.startup.TaglibUriRule body
INFOS: TLD skipped. URI: http://java.sun.com/jstl/sql_rt is already defined
août 27, 2022 4:35:56 PM org.apache.catalina.startup.TaglibUriRule body
INFOS: TLD skipped. URI: http://java.sun.com/jstl/sql is already defined
août 27, 2022 4:35:56 PM org.apache.catalina.startup.TaglibUriRule body
INFOS: TLD skipped. URI: http://java.sun.com/jsp/jstl/sql is already defined
août 27, 2022 4:35:56 PM org.apache.catalina.startup.TaglibUriRule body
INFOS: TLD skipped. URI: http://java.sun.com/jstl/xml_rt is already defined
août 27, 2022 4:35:56 PM org.apache.catalina.startup.TaglibUriRule body
INFOS: TLD skipped. URI: http://java.sun.com/jstl/xml is already defined
août 27, 2022 4:35:56 PM org.apache.catalina.startup.TaglibUriRule body
INFOS: TLD skipped. URI: http://java.sun.com/jsp/jstl/xml is already defined
août 27, 2022 4:35:57 PM org.apache.catalina.startup.HostConfig deployDirectory
INFOS: Déploiement du répertoire E:\apache-tomcat-7.0.47\webapps\host-manager de l'application web
août 27, 2022 4:35:59 PM org.apache.catalina.startup.HostConfig deployDirectory
INFOS: Déploiement du répertoire E:\apache-tomcat-7.0.47\webapps\manager de l'application web
août 27, 2022 4:36:02 PM org.apache.catalina.startup.HostConfig deployDirectory
INFOS: Déploiement du répertoire E:\apache-tomcat-7.0.47\webapps\ROOT de l'application web
août 27, 2022 4:36:04 PM org.apache.coyote.AbstractProtocol start
INFOS: Starting ProtocolHandler ["http-bio-8080"]
août 27, 2022 4:36:04 PM org.apache.coyote.AbstractProtocol start
INFOS: Starting ProtocolHandler ["ajp-bio-8009"]
août 27, 2022 4:36:04 PM org.apache.catalina.startup.Catalina start
INFOS: Server startup in 73405 ms
août 27, 2022 4:46:14 PM org.apache.catalina.startup.HostConfig deleteRedeployResources
INFOS: Repli (undeploy) de l'application web ayant pour chemin de contexte /superbet
août 27, 2022 4:46:15 PM org.apache.catalina.loader.WebappClassLoader clearReferencesThreads
GRAVE: The web application [/superbet] appears to have started a thread named [com.google.common.base.internal.Finalizer] but has failed to stop it. This is very likely to create a memory leak.
août 27, 2022 4:46:15 PM org.apache.catalina.loader.WebappClassLoader clearReferencesThreads
GRAVE: The web application [/superbet] appears to have started a thread named [BoneCP-keep-alive-scheduler] but has failed to stop it. This is very likely to create a memory leak.
août 27, 2022 4:46:15 PM org.apache.catalina.loader.WebappClassLoader clearReferencesThreads
GRAVE: The web application [/superbet] appears to have started a thread named [BoneCP-pool-watch-thread] but has failed to stop it. This is very likely to create a memory leak.
août 27, 2022 4:46:15 PM org.apache.catalina.loader.WebappClassLoader clearReferencesThreads
GRAVE: The web application [/superbet] appears to have started a thread named [Thread-6] but has failed to stop it. This is very likely to create a memory leak.
août 27, 2022 4:46:24 PM org.apache.catalina.startup.HostConfig deployWAR
INFOS: Déploiement de l'archive E:\apache-tomcat-7.0.47\webapps\superbet.war de l'application web
août 27, 2022 4:47:31 PM org.apache.jasper.compiler.TldLocationsCache tldScanJar
INFOS: At least one JAR was scanned for TLDs yet contained no TLDs. Enable debug logging for this logger for a complete list of JARs that were scanned but no TLDs were found in them. Skipping unneeded JARs during scanning can improve startup time and JSP compilation time.
août 27, 2022 5:13:46 PM org.apache.catalina.startup.HostConfig deleteRedeployResources
INFOS: Repli (undeploy) de l'application web ayant pour chemin de contexte /superbet
août 27, 2022 5:13:49 PM org.apache.catalina.loader.WebappClassLoader clearReferencesThreads
GRAVE: The web application [/superbet] appears to have started a thread named [com.google.common.base.internal.Finalizer] but has failed to stop it. This is very likely to create a memory leak.
août 27, 2022 5:13:49 PM org.apache.catalina.loader.WebappClassLoader clearReferencesThreads
GRAVE: The web application [/superbet] appears to have started a thread named [BoneCP-keep-alive-scheduler] but has failed to stop it. This is very likely to create a memory leak.
août 27, 2022 5:13:49 PM org.apache.catalina.loader.WebappClassLoader clearReferencesThreads
GRAVE: The web application [/superbet] appears to have started a thread named [BoneCP-pool-watch-thread] but has failed to stop it. This is very likely to create a memory leak.
août 27, 2022 5:13:49 PM org.apache.catalina.loader.WebappClassLoader clearReferencesThreads
GRAVE: The web application [/superbet] appears to have started a thread named [Thread-10] but has failed to stop it. This is very likely to create a memory leak.
août 27, 2022 5:13:52 PM org.apache.catalina.startup.HostConfig deployWAR
INFOS: Déploiement de l'archive E:\apache-tomcat-7.0.47\webapps\superbet.war de l'application web
août 27, 2022 5:21:41 PM org.apache.catalina.startup.HostConfig deleteRedeployResources
INFOS: Repli (undeploy) de l'application web ayant pour chemin de contexte /superbet
août 27, 2022 5:21:42 PM org.apache.catalina.loader.WebappClassLoader clearReferencesThreads
GRAVE: The web application [/superbet] appears to have started a thread named [com.google.common.base.internal.Finalizer] but has failed to stop it. This is very likely to create a memory leak.
août 27, 2022 5:21:42 PM org.apache.catalina.loader.WebappClassLoader clearReferencesThreads
GRAVE: The web application [/superbet] appears to have started a thread named [BoneCP-keep-alive-scheduler] but has failed to stop it. This is very likely to create a memory leak.
août 27, 2022 5:21:42 PM org.apache.catalina.loader.WebappClassLoader clearReferencesThreads
GRAVE: The web application [/superbet] appears to have started a thread named [BoneCP-pool-watch-thread] but has failed to stop it. This is very likely to create a memory leak.
août 27, 2022 5:21:42 PM org.apache.catalina.loader.WebappClassLoader clearReferencesThreads
GRAVE: The web application [/superbet] appears to have started a thread named [Thread-13] but has failed to stop it. This is very likely to create a memory leak.
août 27, 2022 5:21:52 PM org.apache.catalina.startup.HostConfig deployWAR
INFOS: Déploiement de l'archive E:\apache-tomcat-7.0.47\webapps\superbet.war de l'application web
août 27, 2022 6:14:27 PM org.apache.http.impl.execchain.RetryExec execute
INFOS: I/O exception (java.net.SocketException) caught when processing request to {}->http://127.0.0.1:9090: Connection reset
août 27, 2022 6:14:27 PM org.apache.http.impl.execchain.RetryExec execute
INFOS: Retrying request to {}->http://127.0.0.1:9090
août 27, 2022 7:31:38 PM org.apache.catalina.startup.HostConfig deleteRedeployResources
INFOS: Repli (undeploy) de l'application web ayant pour chemin de contexte /superbet
août 27, 2022 7:31:46 PM org.apache.catalina.loader.WebappClassLoader clearReferencesThreads
GRAVE: The web application [/superbet] appears to have started a thread named [com.google.common.base.internal.Finalizer] but has failed to stop it. This is very likely to create a memory leak.
août 27, 2022 7:31:46 PM org.apache.catalina.loader.WebappClassLoader clearReferencesThreads
GRAVE: The web application [/superbet] appears to have started a thread named [BoneCP-keep-alive-scheduler] but has failed to stop it. This is very likely to create a memory leak.
août 27, 2022 7:31:46 PM org.apache.catalina.loader.WebappClassLoader clearReferencesThreads
GRAVE: The web application [/superbet] appears to have started a thread named [BoneCP-pool-watch-thread] but has failed to stop it. This is very likely to create a memory leak.
août 27, 2022 7:31:46 PM org.apache.catalina.loader.WebappClassLoader clearReferencesThreads
GRAVE: The web application [/superbet] appears to have started a thread named [Thread-16] but has failed to stop it. This is very likely to create a memory leak.
août 27, 2022 7:31:50 PM org.apache.catalina.startup.HostConfig deployWAR
INFOS: Déploiement de l'archive E:\apache-tomcat-7.0.47\webapps\superbet.war de l'application web
août 27, 2022 7:32:27 PM org.apache.catalina.core.StandardContext startInternal
GRAVE: Error listenerStart
août 27, 2022 7:32:27 PM org.apache.catalina.core.StandardContext startInternal
GRAVE: Erreur de démarrage du contexte [/superbet] suite aux erreurs précédentes
août 27, 2022 7:32:35 PM org.apache.coyote.AbstractProtocol pause
INFOS: Pausing ProtocolHandler ["http-bio-8080"]
août 27, 2022 7:32:35 PM org.apache.coyote.AbstractProtocol pause
INFOS: Pausing ProtocolHandler ["ajp-bio-8009"]
août 27, 2022 7:32:35 PM org.apache.catalina.core.StandardService stopInternal
INFOS: Arrêt du service Catalina
août 27, 2022 7:32:37 PM org.apache.catalina.loader.WebappClassLoader clearReferencesThreads
GRAVE: The web application [/administrator] appears to have started a thread named [Abandoned connection cleanup thread] but has failed to stop it. This is very likely to create a memory leak.
août 27, 2022 7:32:37 PM org.apache.catalina.loader.WebappClassLoader clearReferencesThreads
GRAVE: The web application [/administrator] appears to have started a thread named [com.google.common.base.internal.Finalizer] but has failed to stop it. This is very likely to create a memory leak.
août 27, 2022 7:32:37 PM org.apache.catalina.loader.WebappClassLoader clearReferencesThreads
GRAVE: The web application [/administrator] appears to have started a thread named [BoneCP-keep-alive-scheduler] but has failed to stop it. This is very likely to create a memory leak.
août 27, 2022 7:32:37 PM org.apache.catalina.loader.WebappClassLoader clearReferencesThreads
GRAVE: The web application [/administrator] appears to have started a thread named [BoneCP-pool-watch-thread] but has failed to stop it. This is very likely to create a memory leak.
août 27, 2022 7:32:37 PM org.apache.coyote.AbstractProtocol stop
INFOS: Stopping ProtocolHandler ["http-bio-8080"]
août 27, 2022 7:32:37 PM org.apache.coyote.AbstractProtocol stop
INFOS: Stopping ProtocolHandler ["ajp-bio-8009"]
août 27, 2022 7:32:38 PM org.apache.coyote.AbstractProtocol destroy
INFOS: Destroying ProtocolHandler ["http-bio-8080"]
août 27, 2022 7:32:38 PM org.apache.coyote.AbstractProtocol destroy
INFOS: Destroying ProtocolHandler ["ajp-bio-8009"]
août 27, 2022 7:32:59 PM org.apache.catalina.core.AprLifecycleListener init
INFOS: The APR based Apache Tomcat Native library which allows optimal performance in production environments was not found on the java.library.path: C:\Program Files\Java\jre1.8.0_251\bin;C:\Windows\Sun\Java\bin;C:\Windows\system32;C:\Windows;C:\Program Files (x86)\Common Files\Oracle\Java\javapath;C:\Windows\system32;C:\Windows;C:\Windows\System32\Wbem;C:\Windows\System32\WindowsPowerShell\v1.0\;C:\Program Files (x86)\Microsoft VS Code\bin;C:\Program Files\nodejs\;C:\Program Files\apache-maven-3.6.3\bin;C:\Program Files\Git\cmd;C:\Program Files (x86)\MySQL\MySQL Server 5.5\bin;C:\Users\Free Services Plus\AppData\Roaming\npm;C:\Program Files (x86)\Slot Constructor\bin;C:\Program Files (x86)\Slot Constructor\plugins;C:\Users\Free Services Plus\AppData\Local\Programs\Microsoft VS Code\bin;.
août 27, 2022 7:33:04 PM org.apache.coyote.AbstractProtocol init
INFOS: Initializing ProtocolHandler ["http-bio-8080"]
août 27, 2022 7:33:05 PM org.apache.coyote.AbstractProtocol init
INFOS: Initializing ProtocolHandler ["ajp-bio-8009"]
août 27, 2022 7:33:05 PM org.apache.catalina.startup.Catalina load
INFOS: Initialization processed in 7422 ms
août 27, 2022 7:33:05 PM org.apache.catalina.core.StandardService startInternal
INFOS: Démarrage du service Catalina
août 27, 2022 7:33:05 PM org.apache.catalina.core.StandardEngine startInternal
INFOS: Starting Servlet Engine: Apache Tomcat/7.0.47
août 27, 2022 7:33:06 PM org.apache.catalina.startup.HostConfig deployWAR
INFOS: Déploiement de l'archive E:\apache-tomcat-7.0.47\webapps\administrator.war de l'application web
août 27, 2022 7:33:21 PM org.apache.catalina.util.SessionIdGenerator createSecureRandom
INFOS: Creation of SecureRandom instance for session ID generation using [SHA1PRNG] took [381] milliseconds.
août 27, 2022 7:33:21 PM org.apache.catalina.startup.HostConfig deployWAR
INFOS: Déploiement de l'archive E:\apache-tomcat-7.0.47\webapps\superbet.war de l'application web
août 27, 2022 7:33:25 PM org.apache.catalina.core.StandardContext startInternal
GRAVE: Error listenerStart
août 27, 2022 7:33:25 PM org.apache.catalina.core.StandardContext startInternal
GRAVE: Erreur de démarrage du contexte [/superbet] suite aux erreurs précédentes
août 27, 2022 7:33:25 PM org.apache.catalina.startup.HostConfig deployDirectory
INFOS: Déploiement du répertoire E:\apache-tomcat-7.0.47\webapps\docs de l'application web
août 27, 2022 7:33:27 PM org.apache.catalina.startup.HostConfig deployDirectory
INFOS: Déploiement du répertoire E:\apache-tomcat-7.0.47\webapps\examples de l'application web
août 27, 2022 7:33:36 PM org.apache.catalina.startup.TaglibUriRule body
INFOS: TLD skipped. URI: http://java.sun.com/jstl/core_rt is already defined
août 27, 2022 7:33:43 PM org.apache.catalina.startup.TaglibUriRule body
INFOS: TLD skipped. URI: http://java.sun.com/jstl/core is already defined
août 27, 2022 7:33:43 PM org.apache.catalina.startup.TaglibUriRule body
INFOS: TLD skipped. URI: http://java.sun.com/jsp/jstl/core is already defined
août 27, 2022 7:33:43 PM org.apache.catalina.startup.TaglibUriRule body
INFOS: TLD skipped. URI: http://java.sun.com/jstl/fmt_rt is already defined
août 27, 2022 7:33:43 PM org.apache.catalina.startup.TaglibUriRule body
INFOS: TLD skipped. URI: http://java.sun.com/jstl/fmt is already defined
août 27, 2022 7:33:43 PM org.apache.catalina.startup.TaglibUriRule body
INFOS: TLD skipped. URI: http://java.sun.com/jsp/jstl/fmt is already defined
août 27, 2022 7:33:43 PM org.apache.catalina.startup.TaglibUriRule body
INFOS: TLD skipped. URI: http://java.sun.com/jsp/jstl/functions is already defined
août 27, 2022 7:33:43 PM org.apache.catalina.startup.TaglibUriRule body
INFOS: TLD skipped. URI: http://jakarta.apache.org/taglibs/standard/permittedTaglibs is already defined
août 27, 2022 7:33:43 PM org.apache.catalina.startup.TaglibUriRule body
INFOS: TLD skipped. URI: http://jakarta.apache.org/taglibs/standard/scriptfree is already defined
août 27, 2022 7:33:43 PM org.apache.catalina.startup.TaglibUriRule body
INFOS: TLD skipped. URI: http://java.sun.com/jstl/sql_rt is already defined
août 27, 2022 7:33:43 PM org.apache.catalina.startup.TaglibUriRule body
INFOS: TLD skipped. URI: http://java.sun.com/jstl/sql is already defined
août 27, 2022 7:33:43 PM org.apache.catalina.startup.TaglibUriRule body
INFOS: TLD skipped. URI: http://java.sun.com/jsp/jstl/sql is already defined
août 27, 2022 7:33:43 PM org.apache.catalina.startup.TaglibUriRule body
INFOS: TLD skipped. URI: http://java.sun.com/jstl/xml_rt is already defined
août 27, 2022 7:33:43 PM org.apache.catalina.startup.TaglibUriRule body
INFOS: TLD skipped. URI: http://java.sun.com/jstl/xml is already defined
août 27, 2022 7:33:43 PM org.apache.catalina.startup.TaglibUriRule body
INFOS: TLD skipped. URI: http://java.sun.com/jsp/jstl/xml is already defined
août 27, 2022 7:33:43 PM org.apache.catalina.startup.HostConfig deployDirectory
INFOS: Déploiement du répertoire E:\apache-tomcat-7.0.47\webapps\host-manager de l'application web
août 27, 2022 7:33:45 PM org.apache.catalina.startup.HostConfig deployDirectory
INFOS: Déploiement du répertoire E:\apache-tomcat-7.0.47\webapps\manager de l'application web
août 27, 2022 7:33:46 PM org.apache.catalina.startup.HostConfig deployDirectory
INFOS: Déploiement du répertoire E:\apache-tomcat-7.0.47\webapps\ROOT de l'application web
août 27, 2022 7:34:20 PM org.apache.coyote.AbstractProtocol start
INFOS: Starting ProtocolHandler ["http-bio-8080"]
août 27, 2022 7:34:20 PM org.apache.coyote.AbstractProtocol start
INFOS: Starting ProtocolHandler ["ajp-bio-8009"]
août 27, 2022 7:34:20 PM org.apache.catalina.startup.Catalina start
INFOS: Server startup in 75727 ms
août 27, 2022 7:49:41 PM org.apache.catalina.startup.HostConfig deleteRedeployResources
INFOS: Repli (undeploy) de l'application web ayant pour chemin de contexte /superbet
août 27, 2022 7:50:03 PM org.apache.catalina.startup.HostConfig deployWAR
INFOS: Déploiement de l'archive E:\apache-tomcat-7.0.47\webapps\superbet.war de l'application web
août 27, 2022 7:51:14 PM org.apache.jasper.compiler.TldLocationsCache tldScanJar
INFOS: At least one JAR was scanned for TLDs yet contained no TLDs. Enable debug logging for this logger for a complete list of JARs that were scanned but no TLDs were found in them. Skipping unneeded JARs during scanning can improve startup time and JSP compilation time.
août 27, 2022 7:51:37 PM org.apache.http.impl.execchain.RetryExec execute
INFOS: I/O exception (org.apache.http.NoHttpResponseException) caught when processing request to {}->http://127.0.0.1:9090: The target server failed to respond
août 27, 2022 7:51:37 PM org.apache.http.impl.execchain.RetryExec execute
INFOS: Retrying request to {}->http://127.0.0.1:9090
août 27, 2022 7:51:38 PM org.apache.http.impl.execchain.RetryExec execute
INFOS: I/O exception (java.net.SocketException) caught when processing request to {}->http://127.0.0.1:9090: Connection reset
août 27, 2022 7:51:38 PM org.apache.http.impl.execchain.RetryExec execute
INFOS: Retrying request to {}->http://127.0.0.1:9090
août 27, 2022 9:23:20 PM org.apache.catalina.startup.HostConfig deleteRedeployResources
INFOS: Repli (undeploy) de l'application web ayant pour chemin de contexte /superbet
août 27, 2022 9:23:27 PM org.apache.catalina.loader.WebappClassLoader clearReferencesThreads
GRAVE: The web application [/superbet] appears to have started a thread named [com.google.common.base.internal.Finalizer] but has failed to stop it. This is very likely to create a memory leak.
août 27, 2022 9:23:27 PM org.apache.catalina.loader.WebappClassLoader clearReferencesThreads
GRAVE: The web application [/superbet] appears to have started a thread named [BoneCP-keep-alive-scheduler] but has failed to stop it. This is very likely to create a memory leak.
août 27, 2022 9:23:27 PM org.apache.catalina.loader.WebappClassLoader clearReferencesThreads
GRAVE: The web application [/superbet] appears to have started a thread named [BoneCP-pool-watch-thread] but has failed to stop it. This is very likely to create a memory leak.
août 27, 2022 9:23:27 PM org.apache.catalina.loader.WebappClassLoader clearReferencesThreads
GRAVE: The web application [/superbet] appears to have started a thread named [Thread-9] but has failed to stop it. This is very likely to create a memory leak.
août 27, 2022 9:23:31 PM org.apache.catalina.startup.HostConfig deployWAR
INFOS: Déploiement de l'archive E:\apache-tomcat-7.0.47\webapps\superbet.war de l'application web
août 27, 2022 9:30:21 PM org.apache.catalina.startup.HostConfig deleteRedeployResources
INFOS: Repli (undeploy) de l'application web ayant pour chemin de contexte /superbet
août 27, 2022 9:30:22 PM org.apache.catalina.loader.WebappClassLoader clearReferencesThreads
GRAVE: The web application [/superbet] appears to have started a thread named [com.google.common.base.internal.Finalizer] but has failed to stop it. This is very likely to create a memory leak.
août 27, 2022 9:30:22 PM org.apache.catalina.loader.WebappClassLoader clearReferencesThreads
GRAVE: The web application [/superbet] appears to have started a thread named [BoneCP-keep-alive-scheduler] but has failed to stop it. This is very likely to create a memory leak.
août 27, 2022 9:30:22 PM org.apache.catalina.loader.WebappClassLoader clearReferencesThreads
GRAVE: The web application [/superbet] appears to have started a thread named [BoneCP-pool-watch-thread] but has failed to stop it. This is very likely to create a memory leak.
août 27, 2022 9:30:22 PM org.apache.catalina.loader.WebappClassLoader clearReferencesThreads
GRAVE: The web application [/superbet] appears to have started a thread named [Thread-12] but has failed to stop it. This is very likely to create a memory leak.
août 27, 2022 9:30:27 PM org.apache.catalina.startup.HostConfig deployWAR
INFOS: Déploiement de l'archive E:\apache-tomcat-7.0.47\webapps\superbet.war de l'application web
août 27, 2022 9:43:25 PM org.apache.catalina.startup.HostConfig deleteRedeployResources
INFOS: Repli (undeploy) de l'application web ayant pour chemin de contexte /superbet
août 27, 2022 9:43:27 PM org.apache.catalina.loader.WebappClassLoader clearReferencesThreads
GRAVE: The web application [/superbet] appears to have started a thread named [com.google.common.base.internal.Finalizer] but has failed to stop it. This is very likely to create a memory leak.
août 27, 2022 9:43:27 PM org.apache.catalina.loader.WebappClassLoader clearReferencesThreads
GRAVE: The web application [/superbet] appears to have started a thread named [BoneCP-keep-alive-scheduler] but has failed to stop it. This is very likely to create a memory leak.
août 27, 2022 9:43:27 PM org.apache.catalina.loader.WebappClassLoader clearReferencesThreads
GRAVE: The web application [/superbet] appears to have started a thread named [BoneCP-pool-watch-thread] but has failed to stop it. This is very likely to create a memory leak.
août 27, 2022 9:43:27 PM org.apache.catalina.loader.WebappClassLoader clearReferencesThreads
GRAVE: The web application [/superbet] appears to have started a thread named [Thread-15] but has failed to stop it. This is very likely to create a memory leak.
août 27, 2022 9:43:59 PM org.apache.catalina.startup.HostConfig deployWAR
INFOS: Déploiement de l'archive E:\apache-tomcat-7.0.47\webapps\superbet.war de l'application web
août 27, 2022 9:47:33 PM org.apache.http.impl.execchain.RetryExec execute
INFOS: I/O exception (org.apache.http.NoHttpResponseException) caught when processing request to {}->http://127.0.0.1:9090: The target server failed to respond
août 27, 2022 9:47:33 PM org.apache.http.impl.execchain.RetryExec execute
INFOS: Retrying request to {}->http://127.0.0.1:9090
août 27, 2022 9:47:38 PM org.apache.http.impl.execchain.RetryExec execute
INFOS: I/O exception (java.net.SocketException) caught when processing request to {}->http://127.0.0.1:9090: Connection reset
août 27, 2022 9:47:38 PM org.apache.http.impl.execchain.RetryExec execute
INFOS: Retrying request to {}->http://127.0.0.1:9090
août 27, 2022 9:47:38 PM org.apache.http.impl.execchain.RetryExec execute
INFOS: I/O exception (java.net.SocketException) caught when processing request to {}->http://127.0.0.1:9090: Connection reset
août 27, 2022 9:47:38 PM org.apache.http.impl.execchain.RetryExec execute
INFOS: Retrying request to {}->http://127.0.0.1:9090
août 27, 2022 9:47:38 PM org.apache.http.impl.execchain.RetryExec execute
INFOS: I/O exception (java.net.SocketException) caught when processing request to {}->http://127.0.0.1:9090: Connection reset by peer: socket write error
août 27, 2022 9:47:38 PM org.apache.http.impl.execchain.RetryExec execute
INFOS: Retrying request to {}->http://127.0.0.1:9090
