août 26, 2022 3:24:32 PM org.apache.catalina.core.AprLifecycleListener init
INFOS: The APR based Apache Tomcat Native library which allows optimal performance in production environments was not found on the java.library.path: C:\Program Files\Java\jre1.8.0_251\bin;C:\Windows\Sun\Java\bin;C:\Windows\system32;C:\Windows;C:\Program Files (x86)\Common Files\Oracle\Java\javapath;C:\Windows\system32;C:\Windows;C:\Windows\System32\Wbem;C:\Windows\System32\WindowsPowerShell\v1.0\;C:\Program Files (x86)\Microsoft VS Code\bin;C:\Program Files\nodejs\;C:\Program Files\apache-maven-3.6.3\bin;C:\Program Files\Git\cmd;C:\Program Files (x86)\MySQL\MySQL Server 5.5\bin;C:\Users\Free Services Plus\AppData\Roaming\npm;C:\Program Files (x86)\Slot Constructor\bin;C:\Program Files (x86)\Slot Constructor\plugins;C:\Users\Free Services Plus\AppData\Local\Programs\Microsoft VS Code\bin;.
août 26, 2022 3:24:33 PM org.apache.coyote.AbstractProtocol init
INFOS: Initializing ProtocolHandler ["http-bio-8080"]
août 26, 2022 3:24:33 PM org.apache.coyote.AbstractProtocol init
INFOS: Initializing ProtocolHandler ["ajp-bio-8009"]
août 26, 2022 3:24:33 PM org.apache.catalina.startup.Catalina load
INFOS: Initialization processed in 2376 ms
août 26, 2022 3:24:33 PM org.apache.catalina.core.StandardService startInternal
INFOS: Démarrage du service Catalina
août 26, 2022 3:24:33 PM org.apache.catalina.core.StandardEngine startInternal
INFOS: Starting Servlet Engine: Apache Tomcat/7.0.47
août 26, 2022 3:24:34 PM org.apache.catalina.startup.HostConfig deployWAR
INFOS: Déploiement de l'archive E:\apache-tomcat-7.0.47\webapps\administrator.war de l'application web
août 26, 2022 3:24:43 PM org.apache.catalina.util.SessionIdGenerator createSecureRandom
INFOS: Creation of SecureRandom instance for session ID generation using [SHA1PRNG] took [249] milliseconds.
août 26, 2022 3:24:44 PM org.apache.catalina.startup.HostConfig deployWAR
INFOS: Déploiement de l'archive E:\apache-tomcat-7.0.47\webapps\superbet.war de l'application web
août 26, 2022 3:24:51 PM org.apache.catalina.startup.HostConfig deployDirectory
INFOS: Déploiement du répertoire E:\apache-tomcat-7.0.47\webapps\docs de l'application web
août 26, 2022 3:24:53 PM org.apache.catalina.startup.HostConfig deployDirectory
INFOS: Déploiement du répertoire E:\apache-tomcat-7.0.47\webapps\examples de l'application web
août 26, 2022 3:25:01 PM org.apache.catalina.startup.TaglibUriRule body
INFOS: TLD skipped. URI: http://java.sun.com/jstl/core_rt is already defined
août 26, 2022 3:25:01 PM org.apache.catalina.startup.TaglibUriRule body
INFOS: TLD skipped. URI: http://java.sun.com/jstl/core is already defined
août 26, 2022 3:25:01 PM org.apache.catalina.startup.TaglibUriRule body
INFOS: TLD skipped. URI: http://java.sun.com/jsp/jstl/core is already defined
août 26, 2022 3:25:01 PM org.apache.catalina.startup.TaglibUriRule body
INFOS: TLD skipped. URI: http://java.sun.com/jstl/fmt_rt is already defined
août 26, 2022 3:25:01 PM org.apache.catalina.startup.TaglibUriRule body
INFOS: TLD skipped. URI: http://java.sun.com/jstl/fmt is already defined
août 26, 2022 3:25:01 PM org.apache.catalina.startup.TaglibUriRule body
INFOS: TLD skipped. URI: http://java.sun.com/jsp/jstl/fmt is already defined
août 26, 2022 3:25:01 PM org.apache.catalina.startup.TaglibUriRule body
INFOS: TLD skipped. URI: http://java.sun.com/jsp/jstl/functions is already defined
août 26, 2022 3:25:01 PM org.apache.catalina.startup.TaglibUriRule body
INFOS: TLD skipped. URI: http://jakarta.apache.org/taglibs/standard/permittedTaglibs is already defined
août 26, 2022 3:25:01 PM org.apache.catalina.startup.TaglibUriRule body
INFOS: TLD skipped. URI: http://jakarta.apache.org/taglibs/standard/scriptfree is already defined
août 26, 2022 3:25:01 PM org.apache.catalina.startup.TaglibUriRule body
INFOS: TLD skipped. URI: http://java.sun.com/jstl/sql_rt is already defined
août 26, 2022 3:25:01 PM org.apache.catalina.startup.TaglibUriRule body
INFOS: TLD skipped. URI: http://java.sun.com/jstl/sql is already defined
août 26, 2022 3:25:01 PM org.apache.catalina.startup.TaglibUriRule body
INFOS: TLD skipped. URI: http://java.sun.com/jsp/jstl/sql is already defined
août 26, 2022 3:25:01 PM org.apache.catalina.startup.TaglibUriRule body
INFOS: TLD skipped. URI: http://java.sun.com/jstl/xml_rt is already defined
août 26, 2022 3:25:01 PM org.apache.catalina.startup.TaglibUriRule body
INFOS: TLD skipped. URI: http://java.sun.com/jstl/xml is already defined
août 26, 2022 3:25:01 PM org.apache.catalina.startup.TaglibUriRule body
INFOS: TLD skipped. URI: http://java.sun.com/jsp/jstl/xml is already defined
août 26, 2022 3:25:01 PM org.apache.catalina.startup.HostConfig deployDirectory
INFOS: Déploiement du répertoire E:\apache-tomcat-7.0.47\webapps\host-manager de l'application web
août 26, 2022 3:25:03 PM org.apache.catalina.startup.HostConfig deployDirectory
INFOS: Déploiement du répertoire E:\apache-tomcat-7.0.47\webapps\manager de l'application web
août 26, 2022 3:25:04 PM org.apache.catalina.startup.HostConfig deployDirectory
INFOS: Déploiement du répertoire E:\apache-tomcat-7.0.47\webapps\ROOT de l'application web
août 26, 2022 3:25:05 PM org.apache.coyote.AbstractProtocol start
INFOS: Starting ProtocolHandler ["http-bio-8080"]
août 26, 2022 3:25:05 PM org.apache.coyote.AbstractProtocol start
INFOS: Starting ProtocolHandler ["ajp-bio-8009"]
août 26, 2022 3:25:05 PM org.apache.catalina.startup.Catalina start
INFOS: Server startup in 32016 ms
août 26, 2022 3:26:09 PM org.apache.catalina.core.StandardServer await
INFOS: A valid shutdown command was received via the shutdown port. Stopping the Server instance.
août 26, 2022 3:26:09 PM org.apache.coyote.AbstractProtocol pause
INFOS: Pausing ProtocolHandler ["http-bio-8080"]
août 26, 2022 3:26:09 PM org.apache.coyote.AbstractProtocol pause
INFOS: Pausing ProtocolHandler ["ajp-bio-8009"]
août 26, 2022 3:26:09 PM org.apache.catalina.core.StandardService stopInternal
INFOS: Arrêt du service Catalina
août 26, 2022 3:26:09 PM org.apache.catalina.loader.WebappClassLoader clearReferencesThreads
GRAVE: The web application [/superbet] appears to have started a thread named [com.google.common.base.internal.Finalizer] but has failed to stop it. This is very likely to create a memory leak.
août 26, 2022 3:26:09 PM org.apache.catalina.loader.WebappClassLoader clearReferencesThreads
GRAVE: The web application [/superbet] appears to have started a thread named [BoneCP-keep-alive-scheduler] but has failed to stop it. This is very likely to create a memory leak.
août 26, 2022 3:26:09 PM org.apache.catalina.loader.WebappClassLoader clearReferencesThreads
GRAVE: The web application [/superbet] appears to have started a thread named [BoneCP-pool-watch-thread] but has failed to stop it. This is very likely to create a memory leak.
août 26, 2022 3:26:09 PM org.apache.catalina.loader.WebappClassLoader clearReferencesThreads
GRAVE: The web application [/superbet] appears to have started a thread named [Thread-6] but has failed to stop it. This is very likely to create a memory leak.
août 26, 2022 3:26:09 PM org.apache.catalina.loader.WebappClassLoader clearReferencesThreads
GRAVE: The web application [/administrator] appears to have started a thread named [Abandoned connection cleanup thread] but has failed to stop it. This is very likely to create a memory leak.
août 26, 2022 3:26:09 PM org.apache.catalina.loader.WebappClassLoader clearReferencesThreads
GRAVE: The web application [/administrator] appears to have started a thread named [com.google.common.base.internal.Finalizer] but has failed to stop it. This is very likely to create a memory leak.
août 26, 2022 3:26:09 PM org.apache.catalina.loader.WebappClassLoader clearReferencesThreads
GRAVE: The web application [/administrator] appears to have started a thread named [BoneCP-keep-alive-scheduler] but has failed to stop it. This is very likely to create a memory leak.
août 26, 2022 3:26:09 PM org.apache.catalina.loader.WebappClassLoader clearReferencesThreads
GRAVE: The web application [/administrator] appears to have started a thread named [BoneCP-pool-watch-thread] but has failed to stop it. This is very likely to create a memory leak.
août 26, 2022 3:26:09 PM org.apache.coyote.AbstractProtocol stop
INFOS: Stopping ProtocolHandler ["http-bio-8080"]
août 26, 2022 3:26:09 PM org.apache.coyote.AbstractProtocol stop
INFOS: Stopping ProtocolHandler ["ajp-bio-8009"]
août 26, 2022 3:26:09 PM org.apache.coyote.AbstractProtocol destroy
INFOS: Destroying ProtocolHandler ["http-bio-8080"]
août 26, 2022 3:26:09 PM org.apache.coyote.AbstractProtocol destroy
INFOS: Destroying ProtocolHandler ["ajp-bio-8009"]
