août 20, 2022 4:42:09 PM org.apache.catalina.core.AprLifecycleListener init
INFOS: The APR based Apache Tomcat Native library which allows optimal performance in production environments was not found on the java.library.path: C:\Program Files\Java\jre1.8.0_251\bin;C:\Windows\Sun\Java\bin;C:\Windows\system32;C:\Windows;C:\Program Files (x86)\Common Files\Oracle\Java\javapath;C:\Windows\system32;C:\Windows;C:\Windows\System32\Wbem;C:\Windows\System32\WindowsPowerShell\v1.0\;C:\Program Files (x86)\Microsoft VS Code\bin;C:\Program Files\nodejs\;C:\Program Files\apache-maven-3.6.3\bin;C:\Program Files\Git\cmd;C:\Program Files (x86)\MySQL\MySQL Server 5.5\bin;C:\Users\Free Services Plus\AppData\Roaming\npm;C:\Program Files (x86)\Slot Constructor\bin;C:\Program Files (x86)\Slot Constructor\plugins;C:\Users\Free Services Plus\AppData\Local\Programs\Microsoft VS Code\bin;.
août 20, 2022 4:42:11 PM org.apache.coyote.AbstractProtocol init
INFOS: Initializing ProtocolHandler ["http-bio-8080"]
août 20, 2022 4:42:11 PM org.apache.coyote.AbstractProtocol init
INFOS: Initializing ProtocolHandler ["ajp-bio-8009"]
août 20, 2022 4:42:11 PM org.apache.catalina.startup.Catalina load
INFOS: Initialization processed in 2897 ms
août 20, 2022 4:42:11 PM org.apache.catalina.core.StandardService startInternal
INFOS: Démarrage du service Catalina
août 20, 2022 4:42:11 PM org.apache.catalina.core.StandardEngine startInternal
INFOS: Starting Servlet Engine: Apache Tomcat/7.0.47
août 20, 2022 4:42:11 PM org.apache.catalina.startup.HostConfig deployWAR
INFOS: Déploiement de l'archive E:\apache-tomcat-7.0.47\webapps\administrator.war de l'application web
août 20, 2022 4:42:16 PM org.apache.catalina.core.StandardContext startInternal
GRAVE: Error listenerStart
août 20, 2022 4:42:17 PM org.apache.catalina.util.SessionIdGenerator createSecureRandom
INFOS: Creation of SecureRandom instance for session ID generation using [SHA1PRNG] took [314] milliseconds.
août 20, 2022 4:42:17 PM org.apache.catalina.core.StandardContext startInternal
GRAVE: Erreur de démarrage du contexte [/administrator] suite aux erreurs précédentes
août 20, 2022 4:42:17 PM org.apache.catalina.startup.HostConfig deployDirectory
INFOS: Déploiement du répertoire E:\apache-tomcat-7.0.47\webapps\docs de l'application web
août 20, 2022 4:42:19 PM org.apache.catalina.startup.HostConfig deployDirectory
INFOS: Déploiement du répertoire E:\apache-tomcat-7.0.47\webapps\examples de l'application web
août 20, 2022 4:42:24 PM org.apache.catalina.startup.HostConfig deployDirectory
INFOS: Déploiement du répertoire E:\apache-tomcat-7.0.47\webapps\host-manager de l'application web
août 20, 2022 4:42:25 PM org.apache.catalina.startup.HostConfig deployDirectory
INFOS: Déploiement du répertoire E:\apache-tomcat-7.0.47\webapps\manager de l'application web
août 20, 2022 4:42:26 PM org.apache.catalina.startup.HostConfig deployDirectory
INFOS: Déploiement du répertoire E:\apache-tomcat-7.0.47\webapps\ROOT de l'application web
août 20, 2022 4:42:27 PM org.apache.coyote.AbstractProtocol start
INFOS: Starting ProtocolHandler ["http-bio-8080"]
août 20, 2022 4:42:27 PM org.apache.coyote.AbstractProtocol start
INFOS: Starting ProtocolHandler ["ajp-bio-8009"]
août 20, 2022 4:42:27 PM org.apache.catalina.startup.Catalina start
INFOS: Server startup in 15735 ms
août 20, 2022 4:46:27 PM org.apache.catalina.startup.HostConfig deleteRedeployResources
INFOS: Repli (undeploy) de l'application web ayant pour chemin de contexte /administrator
août 20, 2022 4:46:41 PM org.apache.catalina.startup.HostConfig deployWAR
INFOS: Déploiement de l'archive E:\apache-tomcat-7.0.47\webapps\administrator.war de l'application web
août 20, 2022 4:46:41 PM org.apache.catalina.startup.ContextConfig init
GRAVE: Exception fixing docBase for context [/administrator]
java.util.zip.ZipException: error in opening zip file
	at java.util.zip.ZipFile.open(Native Method)
	at java.util.zip.ZipFile.<init>(Unknown Source)
	at java.util.zip.ZipFile.<init>(Unknown Source)
	at java.util.jar.JarFile.<init>(Unknown Source)
	at java.util.jar.JarFile.<init>(Unknown Source)
	at sun.net.www.protocol.jar.URLJarFile.<init>(Unknown Source)
	at sun.net.www.protocol.jar.URLJarFile.getJarFile(Unknown Source)
	at sun.net.www.protocol.jar.JarFileFactory.get(Unknown Source)
	at sun.net.www.protocol.jar.JarURLConnection.connect(Unknown Source)
	at sun.net.www.protocol.jar.JarURLConnection.getJarFile(Unknown Source)
	at org.apache.catalina.startup.ExpandWar.expand(ExpandWar.java:113)
	at org.apache.catalina.startup.ContextConfig.fixDocBase(ContextConfig.java:722)
	at org.apache.catalina.startup.ContextConfig.init(ContextConfig.java:843)
	at org.apache.catalina.startup.ContextConfig.lifecycleEvent(ContextConfig.java:387)
	at org.apache.catalina.util.LifecycleSupport.fireLifecycleEvent(LifecycleSupport.java:119)
	at org.apache.catalina.util.LifecycleBase.fireLifecycleEvent(LifecycleBase.java:90)
	at org.apache.catalina.util.LifecycleBase.setStateInternal(LifecycleBase.java:402)
	at org.apache.catalina.util.LifecycleBase.init(LifecycleBase.java:110)
	at org.apache.catalina.util.LifecycleBase.start(LifecycleBase.java:139)
	at org.apache.catalina.core.ContainerBase.addChildInternal(ContainerBase.java:901)
	at org.apache.catalina.core.ContainerBase.addChild(ContainerBase.java:877)
	at org.apache.catalina.core.StandardHost.addChild(StandardHost.java:633)
	at org.apache.catalina.startup.HostConfig.deployWAR(HostConfig.java:983)
	at org.apache.catalina.startup.HostConfig$DeployWar.run(HostConfig.java:1660)
	at java.util.concurrent.Executors$RunnableAdapter.call(Unknown Source)
	at java.util.concurrent.FutureTask.run(Unknown Source)
	at java.util.concurrent.ThreadPoolExecutor.runWorker(Unknown Source)
	at java.util.concurrent.ThreadPoolExecutor$Worker.run(Unknown Source)
	at java.lang.Thread.run(Unknown Source)

août 20, 2022 4:46:41 PM org.apache.catalina.core.StandardContext resourcesStart
GRAVE: Erreur lors du démarrage des ressources statiques
java.lang.IllegalArgumentException: Fichier WAR invalide ou illisible  : error in opening zip file
	at org.apache.naming.resources.WARDirContext.setDocBase(WARDirContext.java:138)
	at org.apache.catalina.core.StandardContext.resourcesStart(StandardContext.java:5055)
	at org.apache.catalina.core.StandardContext.startInternal(StandardContext.java:5235)
	at org.apache.catalina.util.LifecycleBase.start(LifecycleBase.java:150)
	at org.apache.catalina.core.ContainerBase.addChildInternal(ContainerBase.java:901)
	at org.apache.catalina.core.ContainerBase.addChild(ContainerBase.java:877)
	at org.apache.catalina.core.StandardHost.addChild(StandardHost.java:633)
	at org.apache.catalina.startup.HostConfig.deployWAR(HostConfig.java:983)
	at org.apache.catalina.startup.HostConfig$DeployWar.run(HostConfig.java:1660)
	at java.util.concurrent.Executors$RunnableAdapter.call(Unknown Source)
	at java.util.concurrent.FutureTask.run(Unknown Source)
	at java.util.concurrent.ThreadPoolExecutor.runWorker(Unknown Source)
	at java.util.concurrent.ThreadPoolExecutor$Worker.run(Unknown Source)
	at java.lang.Thread.run(Unknown Source)

août 20, 2022 4:46:41 PM org.apache.catalina.core.StandardContext startInternal
GRAVE: Error in resourceStart()
août 20, 2022 4:46:41 PM org.apache.catalina.core.StandardContext startInternal
GRAVE: Error getConfigured
août 20, 2022 4:46:41 PM org.apache.catalina.core.StandardContext startInternal
GRAVE: Erreur de démarrage du contexte [/administrator] suite aux erreurs précédentes
août 20, 2022 4:46:51 PM org.apache.catalina.startup.HostConfig deleteRedeployResources
INFOS: Repli (undeploy) de l'application web ayant pour chemin de contexte /administrator
août 20, 2022 4:46:52 PM org.apache.catalina.startup.HostConfig deployWAR
INFOS: Déploiement de l'archive E:\apache-tomcat-7.0.47\webapps\administrator.war de l'application web
août 20, 2022 4:46:52 PM org.apache.catalina.startup.ContextConfig init
GRAVE: Exception fixing docBase for context [/administrator]
java.util.zip.ZipException: error in opening zip file
	at java.util.zip.ZipFile.open(Native Method)
	at java.util.zip.ZipFile.<init>(Unknown Source)
	at java.util.zip.ZipFile.<init>(Unknown Source)
	at java.util.jar.JarFile.<init>(Unknown Source)
	at java.util.jar.JarFile.<init>(Unknown Source)
	at sun.net.www.protocol.jar.URLJarFile.<init>(Unknown Source)
	at sun.net.www.protocol.jar.URLJarFile.getJarFile(Unknown Source)
	at sun.net.www.protocol.jar.JarFileFactory.get(Unknown Source)
	at sun.net.www.protocol.jar.JarURLConnection.connect(Unknown Source)
	at sun.net.www.protocol.jar.JarURLConnection.getJarFile(Unknown Source)
	at org.apache.catalina.startup.ExpandWar.expand(ExpandWar.java:113)
	at org.apache.catalina.startup.ContextConfig.fixDocBase(ContextConfig.java:722)
	at org.apache.catalina.startup.ContextConfig.init(ContextConfig.java:843)
	at org.apache.catalina.startup.ContextConfig.lifecycleEvent(ContextConfig.java:387)
	at org.apache.catalina.util.LifecycleSupport.fireLifecycleEvent(LifecycleSupport.java:119)
	at org.apache.catalina.util.LifecycleBase.fireLifecycleEvent(LifecycleBase.java:90)
	at org.apache.catalina.util.LifecycleBase.setStateInternal(LifecycleBase.java:402)
	at org.apache.catalina.util.LifecycleBase.init(LifecycleBase.java:110)
	at org.apache.catalina.util.LifecycleBase.start(LifecycleBase.java:139)
	at org.apache.catalina.core.ContainerBase.addChildInternal(ContainerBase.java:901)
	at org.apache.catalina.core.ContainerBase.addChild(ContainerBase.java:877)
	at org.apache.catalina.core.StandardHost.addChild(StandardHost.java:633)
	at org.apache.catalina.startup.HostConfig.deployWAR(HostConfig.java:983)
	at org.apache.catalina.startup.HostConfig$DeployWar.run(HostConfig.java:1660)
	at java.util.concurrent.Executors$RunnableAdapter.call(Unknown Source)
	at java.util.concurrent.FutureTask.run(Unknown Source)
	at java.util.concurrent.ThreadPoolExecutor.runWorker(Unknown Source)
	at java.util.concurrent.ThreadPoolExecutor$Worker.run(Unknown Source)
	at java.lang.Thread.run(Unknown Source)

août 20, 2022 4:46:52 PM org.apache.catalina.core.StandardContext resourcesStart
GRAVE: Erreur lors du démarrage des ressources statiques
java.lang.IllegalArgumentException: Fichier WAR invalide ou illisible  : error in opening zip file
	at org.apache.naming.resources.WARDirContext.setDocBase(WARDirContext.java:138)
	at org.apache.catalina.core.StandardContext.resourcesStart(StandardContext.java:5055)
	at org.apache.catalina.core.StandardContext.startInternal(StandardContext.java:5235)
	at org.apache.catalina.util.LifecycleBase.start(LifecycleBase.java:150)
	at org.apache.catalina.core.ContainerBase.addChildInternal(ContainerBase.java:901)
	at org.apache.catalina.core.ContainerBase.addChild(ContainerBase.java:877)
	at org.apache.catalina.core.StandardHost.addChild(StandardHost.java:633)
	at org.apache.catalina.startup.HostConfig.deployWAR(HostConfig.java:983)
	at org.apache.catalina.startup.HostConfig$DeployWar.run(HostConfig.java:1660)
	at java.util.concurrent.Executors$RunnableAdapter.call(Unknown Source)
	at java.util.concurrent.FutureTask.run(Unknown Source)
	at java.util.concurrent.ThreadPoolExecutor.runWorker(Unknown Source)
	at java.util.concurrent.ThreadPoolExecutor$Worker.run(Unknown Source)
	at java.lang.Thread.run(Unknown Source)

août 20, 2022 4:46:52 PM org.apache.catalina.core.StandardContext startInternal
GRAVE: Error in resourceStart()
août 20, 2022 4:46:52 PM org.apache.catalina.core.StandardContext startInternal
GRAVE: Error getConfigured
août 20, 2022 4:46:52 PM org.apache.catalina.core.StandardContext startInternal
GRAVE: Erreur de démarrage du contexte [/administrator] suite aux erreurs précédentes
août 20, 2022 4:47:02 PM org.apache.catalina.startup.HostConfig deleteRedeployResources
INFOS: Repli (undeploy) de l'application web ayant pour chemin de contexte /administrator
août 20, 2022 4:47:02 PM org.apache.catalina.startup.HostConfig deployWAR
INFOS: Déploiement de l'archive E:\apache-tomcat-7.0.47\webapps\administrator.war de l'application web
août 20, 2022 4:47:02 PM org.apache.catalina.startup.ContextConfig init
GRAVE: Exception fixing docBase for context [/administrator]
java.util.zip.ZipException: error in opening zip file
	at java.util.zip.ZipFile.open(Native Method)
	at java.util.zip.ZipFile.<init>(Unknown Source)
	at java.util.zip.ZipFile.<init>(Unknown Source)
	at java.util.jar.JarFile.<init>(Unknown Source)
	at java.util.jar.JarFile.<init>(Unknown Source)
	at sun.net.www.protocol.jar.URLJarFile.<init>(Unknown Source)
	at sun.net.www.protocol.jar.URLJarFile.getJarFile(Unknown Source)
	at sun.net.www.protocol.jar.JarFileFactory.get(Unknown Source)
	at sun.net.www.protocol.jar.JarURLConnection.connect(Unknown Source)
	at sun.net.www.protocol.jar.JarURLConnection.getJarFile(Unknown Source)
	at org.apache.catalina.startup.ExpandWar.expand(ExpandWar.java:113)
	at org.apache.catalina.startup.ContextConfig.fixDocBase(ContextConfig.java:722)
	at org.apache.catalina.startup.ContextConfig.init(ContextConfig.java:843)
	at org.apache.catalina.startup.ContextConfig.lifecycleEvent(ContextConfig.java:387)
	at org.apache.catalina.util.LifecycleSupport.fireLifecycleEvent(LifecycleSupport.java:119)
	at org.apache.catalina.util.LifecycleBase.fireLifecycleEvent(LifecycleBase.java:90)
	at org.apache.catalina.util.LifecycleBase.setStateInternal(LifecycleBase.java:402)
	at org.apache.catalina.util.LifecycleBase.init(LifecycleBase.java:110)
	at org.apache.catalina.util.LifecycleBase.start(LifecycleBase.java:139)
	at org.apache.catalina.core.ContainerBase.addChildInternal(ContainerBase.java:901)
	at org.apache.catalina.core.ContainerBase.addChild(ContainerBase.java:877)
	at org.apache.catalina.core.StandardHost.addChild(StandardHost.java:633)
	at org.apache.catalina.startup.HostConfig.deployWAR(HostConfig.java:983)
	at org.apache.catalina.startup.HostConfig$DeployWar.run(HostConfig.java:1660)
	at java.util.concurrent.Executors$RunnableAdapter.call(Unknown Source)
	at java.util.concurrent.FutureTask.run(Unknown Source)
	at java.util.concurrent.ThreadPoolExecutor.runWorker(Unknown Source)
	at java.util.concurrent.ThreadPoolExecutor$Worker.run(Unknown Source)
	at java.lang.Thread.run(Unknown Source)

août 20, 2022 4:47:02 PM org.apache.catalina.core.StandardContext resourcesStart
GRAVE: Erreur lors du démarrage des ressources statiques
java.lang.IllegalArgumentException: Fichier WAR invalide ou illisible  : error in opening zip file
	at org.apache.naming.resources.WARDirContext.setDocBase(WARDirContext.java:138)
	at org.apache.catalina.core.StandardContext.resourcesStart(StandardContext.java:5055)
	at org.apache.catalina.core.StandardContext.startInternal(StandardContext.java:5235)
	at org.apache.catalina.util.LifecycleBase.start(LifecycleBase.java:150)
	at org.apache.catalina.core.ContainerBase.addChildInternal(ContainerBase.java:901)
	at org.apache.catalina.core.ContainerBase.addChild(ContainerBase.java:877)
	at org.apache.catalina.core.StandardHost.addChild(StandardHost.java:633)
	at org.apache.catalina.startup.HostConfig.deployWAR(HostConfig.java:983)
	at org.apache.catalina.startup.HostConfig$DeployWar.run(HostConfig.java:1660)
	at java.util.concurrent.Executors$RunnableAdapter.call(Unknown Source)
	at java.util.concurrent.FutureTask.run(Unknown Source)
	at java.util.concurrent.ThreadPoolExecutor.runWorker(Unknown Source)
	at java.util.concurrent.ThreadPoolExecutor$Worker.run(Unknown Source)
	at java.lang.Thread.run(Unknown Source)

août 20, 2022 4:47:02 PM org.apache.catalina.core.StandardContext startInternal
GRAVE: Error in resourceStart()
août 20, 2022 4:47:02 PM org.apache.catalina.core.StandardContext startInternal
GRAVE: Error getConfigured
août 20, 2022 4:47:02 PM org.apache.catalina.core.StandardContext startInternal
GRAVE: Erreur de démarrage du contexte [/administrator] suite aux erreurs précédentes
août 20, 2022 4:47:12 PM org.apache.catalina.startup.HostConfig deleteRedeployResources
INFOS: Repli (undeploy) de l'application web ayant pour chemin de contexte /administrator
août 20, 2022 4:47:12 PM org.apache.catalina.startup.HostConfig deployWAR
INFOS: Déploiement de l'archive E:\apache-tomcat-7.0.47\webapps\administrator.war de l'application web
août 20, 2022 4:48:34 PM org.apache.catalina.core.StandardServer await
INFOS: A valid shutdown command was received via the shutdown port. Stopping the Server instance.
août 20, 2022 4:48:34 PM org.apache.coyote.AbstractProtocol pause
INFOS: Pausing ProtocolHandler ["http-bio-8080"]
août 20, 2022 4:48:34 PM org.apache.coyote.AbstractProtocol pause
INFOS: Pausing ProtocolHandler ["ajp-bio-8009"]
août 20, 2022 4:48:34 PM org.apache.catalina.core.StandardService stopInternal
INFOS: Arrêt du service Catalina
août 20, 2022 4:48:34 PM org.apache.catalina.loader.WebappClassLoader clearReferencesThreads
GRAVE: The web application [/administrator] appears to have started a thread named [Abandoned connection cleanup thread] but has failed to stop it. This is very likely to create a memory leak.
août 20, 2022 4:48:34 PM org.apache.catalina.loader.WebappClassLoader clearReferencesThreads
GRAVE: The web application [/administrator] appears to have started a thread named [com.google.common.base.internal.Finalizer] but has failed to stop it. This is very likely to create a memory leak.
août 20, 2022 4:48:34 PM org.apache.catalina.loader.WebappClassLoader clearReferencesThreads
GRAVE: The web application [/administrator] appears to have started a thread named [BoneCP-keep-alive-scheduler] but has failed to stop it. This is very likely to create a memory leak.
août 20, 2022 4:48:34 PM org.apache.catalina.loader.WebappClassLoader clearReferencesThreads
GRAVE: The web application [/administrator] appears to have started a thread named [BoneCP-pool-watch-thread] but has failed to stop it. This is very likely to create a memory leak.
août 20, 2022 4:48:35 PM org.apache.coyote.AbstractProtocol stop
INFOS: Stopping ProtocolHandler ["http-bio-8080"]
août 20, 2022 4:48:35 PM org.apache.coyote.AbstractProtocol stop
INFOS: Stopping ProtocolHandler ["ajp-bio-8009"]
août 20, 2022 4:48:35 PM org.apache.coyote.AbstractProtocol destroy
INFOS: Destroying ProtocolHandler ["http-bio-8080"]
août 20, 2022 4:48:35 PM org.apache.coyote.AbstractProtocol destroy
INFOS: Destroying ProtocolHandler ["ajp-bio-8009"]
août 20, 2022 4:54:23 PM org.apache.catalina.core.AprLifecycleListener init
INFOS: The APR based Apache Tomcat Native library which allows optimal performance in production environments was not found on the java.library.path: C:\Program Files\Java\jre1.8.0_251\bin;C:\Windows\Sun\Java\bin;C:\Windows\system32;C:\Windows;C:\Program Files (x86)\Common Files\Oracle\Java\javapath;C:\Windows\system32;C:\Windows;C:\Windows\System32\Wbem;C:\Windows\System32\WindowsPowerShell\v1.0\;C:\Program Files (x86)\Microsoft VS Code\bin;C:\Program Files\nodejs\;C:\Program Files\apache-maven-3.6.3\bin;C:\Program Files\Git\cmd;C:\Program Files (x86)\MySQL\MySQL Server 5.5\bin;C:\Users\Free Services Plus\AppData\Roaming\npm;C:\Program Files (x86)\Slot Constructor\bin;C:\Program Files (x86)\Slot Constructor\plugins;C:\Users\Free Services Plus\AppData\Local\Programs\Microsoft VS Code\bin;.
août 20, 2022 4:54:25 PM org.apache.coyote.AbstractProtocol init
INFOS: Initializing ProtocolHandler ["http-bio-8080"]
août 20, 2022 4:54:25 PM org.apache.coyote.AbstractProtocol init
INFOS: Initializing ProtocolHandler ["ajp-bio-8009"]
août 20, 2022 4:54:25 PM org.apache.catalina.startup.Catalina load
INFOS: Initialization processed in 2152 ms
août 20, 2022 4:54:25 PM org.apache.catalina.core.StandardService startInternal
INFOS: Démarrage du service Catalina
août 20, 2022 4:54:25 PM org.apache.catalina.core.StandardEngine startInternal
INFOS: Starting Servlet Engine: Apache Tomcat/7.0.47
août 20, 2022 4:54:25 PM org.apache.catalina.startup.HostConfig deployWAR
INFOS: Déploiement de l'archive E:\apache-tomcat-7.0.47\webapps\administrator.war de l'application web
août 20, 2022 4:54:42 PM org.apache.catalina.util.SessionIdGenerator createSecureRandom
INFOS: Creation of SecureRandom instance for session ID generation using [SHA1PRNG] took [412] milliseconds.
août 20, 2022 4:54:42 PM org.apache.catalina.startup.HostConfig deployDirectory
INFOS: Déploiement du répertoire E:\apache-tomcat-7.0.47\webapps\docs de l'application web
août 20, 2022 4:54:44 PM org.apache.catalina.startup.HostConfig deployDirectory
INFOS: Déploiement du répertoire E:\apache-tomcat-7.0.47\webapps\examples de l'application web
août 20, 2022 4:54:49 PM org.apache.catalina.startup.TaglibUriRule body
INFOS: TLD skipped. URI: http://java.sun.com/jstl/core_rt is already defined
août 20, 2022 4:54:49 PM org.apache.catalina.startup.TaglibUriRule body
INFOS: TLD skipped. URI: http://java.sun.com/jstl/core is already defined
août 20, 2022 4:54:49 PM org.apache.catalina.startup.TaglibUriRule body
INFOS: TLD skipped. URI: http://java.sun.com/jsp/jstl/core is already defined
août 20, 2022 4:54:49 PM org.apache.catalina.startup.TaglibUriRule body
INFOS: TLD skipped. URI: http://java.sun.com/jstl/fmt_rt is already defined
août 20, 2022 4:54:49 PM org.apache.catalina.startup.TaglibUriRule body
INFOS: TLD skipped. URI: http://java.sun.com/jstl/fmt is already defined
août 20, 2022 4:54:49 PM org.apache.catalina.startup.TaglibUriRule body
INFOS: TLD skipped. URI: http://java.sun.com/jsp/jstl/fmt is already defined
août 20, 2022 4:54:49 PM org.apache.catalina.startup.TaglibUriRule body
INFOS: TLD skipped. URI: http://java.sun.com/jsp/jstl/functions is already defined
août 20, 2022 4:54:49 PM org.apache.catalina.startup.TaglibUriRule body
INFOS: TLD skipped. URI: http://jakarta.apache.org/taglibs/standard/permittedTaglibs is already defined
août 20, 2022 4:54:49 PM org.apache.catalina.startup.TaglibUriRule body
INFOS: TLD skipped. URI: http://jakarta.apache.org/taglibs/standard/scriptfree is already defined
août 20, 2022 4:54:49 PM org.apache.catalina.startup.TaglibUriRule body
INFOS: TLD skipped. URI: http://java.sun.com/jstl/sql_rt is already defined
août 20, 2022 4:54:49 PM org.apache.catalina.startup.TaglibUriRule body
INFOS: TLD skipped. URI: http://java.sun.com/jstl/sql is already defined
août 20, 2022 4:54:49 PM org.apache.catalina.startup.TaglibUriRule body
INFOS: TLD skipped. URI: http://java.sun.com/jsp/jstl/sql is already defined
août 20, 2022 4:54:49 PM org.apache.catalina.startup.TaglibUriRule body
INFOS: TLD skipped. URI: http://java.sun.com/jstl/xml_rt is already defined
août 20, 2022 4:54:49 PM org.apache.catalina.startup.TaglibUriRule body
INFOS: TLD skipped. URI: http://java.sun.com/jstl/xml is already defined
août 20, 2022 4:54:49 PM org.apache.catalina.startup.TaglibUriRule body
INFOS: TLD skipped. URI: http://java.sun.com/jsp/jstl/xml is already defined
août 20, 2022 4:54:49 PM org.apache.catalina.startup.HostConfig deployDirectory
INFOS: Déploiement du répertoire E:\apache-tomcat-7.0.47\webapps\host-manager de l'application web
août 20, 2022 4:54:50 PM org.apache.catalina.startup.HostConfig deployDirectory
INFOS: Déploiement du répertoire E:\apache-tomcat-7.0.47\webapps\manager de l'application web
août 20, 2022 4:54:52 PM org.apache.catalina.startup.HostConfig deployDirectory
INFOS: Déploiement du répertoire E:\apache-tomcat-7.0.47\webapps\ROOT de l'application web
août 20, 2022 4:54:53 PM org.apache.coyote.AbstractProtocol start
INFOS: Starting ProtocolHandler ["http-bio-8080"]
août 20, 2022 4:54:53 PM org.apache.coyote.AbstractProtocol start
INFOS: Starting ProtocolHandler ["ajp-bio-8009"]
août 20, 2022 4:54:53 PM org.apache.catalina.startup.Catalina start
INFOS: Server startup in 28713 ms
août 20, 2022 4:56:48 PM org.apache.jasper.compiler.TldLocationsCache tldScanJar
INFOS: At least one JAR was scanned for TLDs yet contained no TLDs. Enable debug logging for this logger for a complete list of JARs that were scanned but no TLDs were found in them. Skipping unneeded JARs during scanning can improve startup time and JSP compilation time.
août 20, 2022 5:16:15 PM org.apache.catalina.startup.HostConfig deleteRedeployResources
INFOS: Repli (undeploy) de l'application web ayant pour chemin de contexte /administrator
août 20, 2022 5:16:22 PM org.apache.catalina.loader.WebappClassLoader clearReferencesThreads
GRAVE: The web application [/administrator] appears to have started a thread named [Abandoned connection cleanup thread] but has failed to stop it. This is very likely to create a memory leak.
août 20, 2022 5:16:22 PM org.apache.catalina.loader.WebappClassLoader clearReferencesThreads
GRAVE: The web application [/administrator] appears to have started a thread named [com.google.common.base.internal.Finalizer] but has failed to stop it. This is very likely to create a memory leak.
août 20, 2022 5:16:22 PM org.apache.catalina.loader.WebappClassLoader clearReferencesThreads
GRAVE: The web application [/administrator] appears to have started a thread named [BoneCP-keep-alive-scheduler] but has failed to stop it. This is very likely to create a memory leak.
août 20, 2022 5:16:22 PM org.apache.catalina.loader.WebappClassLoader clearReferencesThreads
GRAVE: The web application [/administrator] appears to have started a thread named [BoneCP-pool-watch-thread] but has failed to stop it. This is very likely to create a memory leak.
août 20, 2022 5:16:49 PM org.apache.catalina.startup.HostConfig deployWAR
INFOS: Déploiement de l'archive E:\apache-tomcat-7.0.47\webapps\administrator.war de l'application web
août 20, 2022 5:16:51 PM org.apache.catalina.startup.ContextConfig init
GRAVE: Exception fixing docBase for context [/administrator]
java.util.zip.ZipException: error in opening zip file
	at java.util.zip.ZipFile.open(Native Method)
	at java.util.zip.ZipFile.<init>(Unknown Source)
	at java.util.zip.ZipFile.<init>(Unknown Source)
	at java.util.jar.JarFile.<init>(Unknown Source)
	at java.util.jar.JarFile.<init>(Unknown Source)
	at sun.net.www.protocol.jar.URLJarFile.<init>(Unknown Source)
	at sun.net.www.protocol.jar.URLJarFile.getJarFile(Unknown Source)
	at sun.net.www.protocol.jar.JarFileFactory.get(Unknown Source)
	at sun.net.www.protocol.jar.JarURLConnection.connect(Unknown Source)
	at sun.net.www.protocol.jar.JarURLConnection.getJarFile(Unknown Source)
	at org.apache.catalina.startup.ExpandWar.expand(ExpandWar.java:113)
	at org.apache.catalina.startup.ContextConfig.fixDocBase(ContextConfig.java:722)
	at org.apache.catalina.startup.ContextConfig.init(ContextConfig.java:843)
	at org.apache.catalina.startup.ContextConfig.lifecycleEvent(ContextConfig.java:387)
	at org.apache.catalina.util.LifecycleSupport.fireLifecycleEvent(LifecycleSupport.java:119)
	at org.apache.catalina.util.LifecycleBase.fireLifecycleEvent(LifecycleBase.java:90)
	at org.apache.catalina.util.LifecycleBase.setStateInternal(LifecycleBase.java:402)
	at org.apache.catalina.util.LifecycleBase.init(LifecycleBase.java:110)
	at org.apache.catalina.util.LifecycleBase.start(LifecycleBase.java:139)
	at org.apache.catalina.core.ContainerBase.addChildInternal(ContainerBase.java:901)
	at org.apache.catalina.core.ContainerBase.addChild(ContainerBase.java:877)
	at org.apache.catalina.core.StandardHost.addChild(StandardHost.java:633)
	at org.apache.catalina.startup.HostConfig.deployWAR(HostConfig.java:983)
	at org.apache.catalina.startup.HostConfig$DeployWar.run(HostConfig.java:1660)
	at java.util.concurrent.Executors$RunnableAdapter.call(Unknown Source)
	at java.util.concurrent.FutureTask.run(Unknown Source)
	at java.util.concurrent.ThreadPoolExecutor.runWorker(Unknown Source)
	at java.util.concurrent.ThreadPoolExecutor$Worker.run(Unknown Source)
	at java.lang.Thread.run(Unknown Source)

août 20, 2022 5:16:52 PM org.apache.catalina.core.StandardContext resourcesStart
GRAVE: Erreur lors du démarrage des ressources statiques
java.lang.IllegalArgumentException: Fichier WAR invalide ou illisible  : error in opening zip file
	at org.apache.naming.resources.WARDirContext.setDocBase(WARDirContext.java:138)
	at org.apache.catalina.core.StandardContext.resourcesStart(StandardContext.java:5055)
	at org.apache.catalina.core.StandardContext.startInternal(StandardContext.java:5235)
	at org.apache.catalina.util.LifecycleBase.start(LifecycleBase.java:150)
	at org.apache.catalina.core.ContainerBase.addChildInternal(ContainerBase.java:901)
	at org.apache.catalina.core.ContainerBase.addChild(ContainerBase.java:877)
	at org.apache.catalina.core.StandardHost.addChild(StandardHost.java:633)
	at org.apache.catalina.startup.HostConfig.deployWAR(HostConfig.java:983)
	at org.apache.catalina.startup.HostConfig$DeployWar.run(HostConfig.java:1660)
	at java.util.concurrent.Executors$RunnableAdapter.call(Unknown Source)
	at java.util.concurrent.FutureTask.run(Unknown Source)
	at java.util.concurrent.ThreadPoolExecutor.runWorker(Unknown Source)
	at java.util.concurrent.ThreadPoolExecutor$Worker.run(Unknown Source)
	at java.lang.Thread.run(Unknown Source)

août 20, 2022 5:16:52 PM org.apache.catalina.core.StandardContext startInternal
GRAVE: Error in resourceStart()
août 20, 2022 5:16:52 PM org.apache.catalina.core.StandardContext startInternal
GRAVE: Error getConfigured
août 20, 2022 5:16:52 PM org.apache.catalina.core.StandardContext startInternal
GRAVE: Erreur de démarrage du contexte [/administrator] suite aux erreurs précédentes
août 20, 2022 5:17:13 PM org.apache.catalina.startup.HostConfig deleteRedeployResources
INFOS: Repli (undeploy) de l'application web ayant pour chemin de contexte /administrator
août 20, 2022 5:17:13 PM org.apache.catalina.startup.HostConfig deployWAR
INFOS: Déploiement de l'archive E:\apache-tomcat-7.0.47\webapps\administrator.war de l'application web
août 20, 2022 5:18:51 PM org.apache.coyote.AbstractProtocol pause
INFOS: Pausing ProtocolHandler ["http-bio-8080"]
août 20, 2022 5:18:53 PM org.apache.coyote.AbstractProtocol pause
INFOS: Pausing ProtocolHandler ["ajp-bio-8009"]
août 20, 2022 5:18:53 PM org.apache.catalina.core.StandardService stopInternal
INFOS: Arrêt du service Catalina
août 20, 2022 5:18:53 PM org.apache.catalina.startup.HostConfig deployWARs
GRAVE: Error waiting for multi-thread deployment of WAR files to complete
java.lang.InterruptedException
	at java.util.concurrent.FutureTask.awaitDone(Unknown Source)
	at java.util.concurrent.FutureTask.get(Unknown Source)
	at org.apache.catalina.startup.HostConfig.deployWARs(HostConfig.java:772)
	at org.apache.catalina.startup.HostConfig.deployApps(HostConfig.java:483)
	at org.apache.catalina.startup.HostConfig.check(HostConfig.java:1455)
	at org.apache.catalina.startup.HostConfig.lifecycleEvent(HostConfig.java:322)
	at org.apache.catalina.util.LifecycleSupport.fireLifecycleEvent(LifecycleSupport.java:119)
	at org.apache.catalina.util.LifecycleBase.fireLifecycleEvent(LifecycleBase.java:90)
	at org.apache.catalina.core.ContainerBase.backgroundProcess(ContainerBase.java:1374)
	at org.apache.catalina.core.ContainerBase$ContainerBackgroundProcessor.processChildren(ContainerBase.java:1530)
	at org.apache.catalina.core.ContainerBase$ContainerBackgroundProcessor.processChildren(ContainerBase.java:1540)
	at org.apache.catalina.core.ContainerBase$ContainerBackgroundProcessor.run(ContainerBase.java:1519)
	at java.lang.Thread.run(Unknown Source)

août 20, 2022 5:19:35 PM org.apache.catalina.loader.WebappClassLoader clearReferencesThreads
GRAVE: The web application [/administrator] appears to have started a thread named [com.google.common.base.internal.Finalizer] but has failed to stop it. This is very likely to create a memory leak.
août 20, 2022 5:19:35 PM org.apache.catalina.loader.WebappClassLoader clearReferencesThreads
GRAVE: The web application [/administrator] appears to have started a thread named [BoneCP-keep-alive-scheduler] but has failed to stop it. This is very likely to create a memory leak.
août 20, 2022 5:19:35 PM org.apache.catalina.loader.WebappClassLoader clearReferencesThreads
GRAVE: The web application [/administrator] appears to have started a thread named [BoneCP-pool-watch-thread] but has failed to stop it. This is very likely to create a memory leak.
août 20, 2022 5:19:35 PM org.apache.coyote.AbstractProtocol stop
INFOS: Stopping ProtocolHandler ["http-bio-8080"]
août 20, 2022 5:19:35 PM org.apache.coyote.AbstractProtocol stop
INFOS: Stopping ProtocolHandler ["ajp-bio-8009"]
août 20, 2022 5:19:36 PM org.apache.coyote.AbstractProtocol destroy
INFOS: Destroying ProtocolHandler ["http-bio-8080"]
août 20, 2022 5:19:36 PM org.apache.coyote.AbstractProtocol destroy
INFOS: Destroying ProtocolHandler ["ajp-bio-8009"]
août 20, 2022 5:19:49 PM org.apache.catalina.startup.Catalina stopServer
GRAVE: Could not contact localhost:8005. Tomcat may not be running.
août 20, 2022 5:19:51 PM org.apache.catalina.startup.Catalina stopServer
GRAVE: Catalina.stop: 
java.net.ConnectException: Connection refused: connect
	at java.net.DualStackPlainSocketImpl.connect0(Native Method)
	at java.net.DualStackPlainSocketImpl.socketConnect(Unknown Source)
	at java.net.AbstractPlainSocketImpl.doConnect(Unknown Source)
	at java.net.AbstractPlainSocketImpl.connectToAddress(Unknown Source)
	at java.net.AbstractPlainSocketImpl.connect(Unknown Source)
	at java.net.PlainSocketImpl.connect(Unknown Source)
	at java.net.SocksSocketImpl.connect(Unknown Source)
	at java.net.Socket.connect(Unknown Source)
	at java.net.Socket.connect(Unknown Source)
	at java.net.Socket.<init>(Unknown Source)
	at java.net.Socket.<init>(Unknown Source)
	at org.apache.catalina.startup.Catalina.stopServer(Catalina.java:500)
	at sun.reflect.NativeMethodAccessorImpl.invoke0(Native Method)
	at sun.reflect.NativeMethodAccessorImpl.invoke(Unknown Source)
	at sun.reflect.DelegatingMethodAccessorImpl.invoke(Unknown Source)
	at java.lang.reflect.Method.invoke(Unknown Source)
	at org.apache.catalina.startup.Bootstrap.stopServer(Bootstrap.java:371)
	at org.apache.catalina.startup.Bootstrap.main(Bootstrap.java:458)

