août 28, 2022 12:59:26 PM org.apache.http.impl.execchain.RetryExec execute
INFOS: I/O exception (java.net.SocketException) caught when processing request to {}->http://127.0.0.1:9090: Connection reset
août 28, 2022 12:59:31 PM org.apache.http.impl.execchain.RetryExec execute
INFOS: Retrying request to {}->http://127.0.0.1:9090
août 28, 2022 1:23:29 PM org.apache.catalina.startup.HostConfig deleteRedeployResources
INFOS: Repli (undeploy) de l'application web ayant pour chemin de contexte /superbet
août 28, 2022 1:24:03 PM org.apache.catalina.loader.WebappClassLoader clearReferencesThreads
GRAVE: The web application [/superbet] appears to have started a thread named [com.google.common.base.internal.Finalizer] but has failed to stop it. This is very likely to create a memory leak.
août 28, 2022 1:24:03 PM org.apache.catalina.loader.WebappClassLoader clearReferencesThreads
GRAVE: The web application [/superbet] appears to have started a thread named [BoneCP-keep-alive-scheduler] but has failed to stop it. This is very likely to create a memory leak.
août 28, 2022 1:24:04 PM org.apache.catalina.loader.WebappClassLoader clearReferencesThreads
GRAVE: The web application [/superbet] appears to have started a thread named [BoneCP-pool-watch-thread] but has failed to stop it. This is very likely to create a memory leak.
août 28, 2022 1:24:04 PM org.apache.catalina.loader.WebappClassLoader clearReferencesThreads
GRAVE: The web application [/superbet] appears to have started a thread named [Thread-18] but has failed to stop it. This is very likely to create a memory leak.
août 28, 2022 1:24:30 PM org.apache.catalina.startup.HostConfig deployWAR
INFOS: Déploiement de l'archive E:\apache-tomcat-7.0.47\webapps\superbet.war de l'application web
août 28, 2022 1:25:34 PM org.apache.catalina.core.AprLifecycleListener init
INFOS: The APR based Apache Tomcat Native library which allows optimal performance in production environments was not found on the java.library.path: C:\Program Files\Java\jre1.8.0_251\bin;C:\Windows\Sun\Java\bin;C:\Windows\system32;C:\Windows;C:\Program Files (x86)\Common Files\Oracle\Java\javapath;C:\Windows\system32;C:\Windows;C:\Windows\System32\Wbem;C:\Windows\System32\WindowsPowerShell\v1.0\;C:\Program Files (x86)\Microsoft VS Code\bin;C:\Program Files\nodejs\;C:\Program Files\apache-maven-3.6.3\bin;C:\Program Files\Git\cmd;C:\Program Files (x86)\MySQL\MySQL Server 5.5\bin;C:\Users\Free Services Plus\AppData\Roaming\npm;C:\Program Files (x86)\Slot Constructor\bin;C:\Program Files (x86)\Slot Constructor\plugins;C:\Users\Free Services Plus\AppData\Local\Programs\Microsoft VS Code\bin;.
août 28, 2022 1:25:39 PM org.apache.coyote.AbstractProtocol init
INFOS: Initializing ProtocolHandler ["http-bio-8080"]
août 28, 2022 1:25:39 PM org.apache.coyote.AbstractProtocol init
INFOS: Initializing ProtocolHandler ["ajp-bio-8009"]
août 28, 2022 1:25:39 PM org.apache.catalina.startup.Catalina load
INFOS: Initialization processed in 9188 ms
août 28, 2022 1:25:39 PM org.apache.catalina.core.StandardService startInternal
INFOS: Démarrage du service Catalina
août 28, 2022 1:25:39 PM org.apache.catalina.core.StandardEngine startInternal
INFOS: Starting Servlet Engine: Apache Tomcat/7.0.47
août 28, 2022 1:25:39 PM org.apache.catalina.startup.HostConfig deployWAR
INFOS: Déploiement de l'archive E:\apache-tomcat-7.0.47\webapps\administrator.war de l'application web
août 28, 2022 1:26:27 PM org.apache.catalina.util.SessionIdGenerator createSecureRandom
INFOS: Creation of SecureRandom instance for session ID generation using [SHA1PRNG] took [1 618] milliseconds.
août 28, 2022 1:26:27 PM org.apache.catalina.startup.HostConfig deployWAR
INFOS: Déploiement de l'archive E:\apache-tomcat-7.0.47\webapps\superbet.war de l'application web
août 28, 2022 1:26:52 PM org.apache.catalina.startup.HostConfig deployDirectory
INFOS: Déploiement du répertoire E:\apache-tomcat-7.0.47\webapps\docs de l'application web
août 28, 2022 1:27:39 PM org.apache.catalina.startup.HostConfig deployDirectory
INFOS: Déploiement du répertoire E:\apache-tomcat-7.0.47\webapps\examples de l'application web
août 28, 2022 1:28:01 PM org.apache.catalina.startup.TaglibUriRule body
INFOS: TLD skipped. URI: http://java.sun.com/jstl/core_rt is already defined
août 28, 2022 1:28:01 PM org.apache.catalina.startup.TaglibUriRule body
INFOS: TLD skipped. URI: http://java.sun.com/jstl/core is already defined
août 28, 2022 1:28:01 PM org.apache.catalina.startup.TaglibUriRule body
INFOS: TLD skipped. URI: http://java.sun.com/jsp/jstl/core is already defined
août 28, 2022 1:28:01 PM org.apache.catalina.startup.TaglibUriRule body
INFOS: TLD skipped. URI: http://java.sun.com/jstl/fmt_rt is already defined
août 28, 2022 1:28:01 PM org.apache.catalina.startup.TaglibUriRule body
INFOS: TLD skipped. URI: http://java.sun.com/jstl/fmt is already defined
août 28, 2022 1:28:01 PM org.apache.catalina.startup.TaglibUriRule body
INFOS: TLD skipped. URI: http://java.sun.com/jsp/jstl/fmt is already defined
août 28, 2022 1:28:01 PM org.apache.catalina.startup.TaglibUriRule body
INFOS: TLD skipped. URI: http://java.sun.com/jsp/jstl/functions is already defined
août 28, 2022 1:28:01 PM org.apache.catalina.startup.TaglibUriRule body
INFOS: TLD skipped. URI: http://jakarta.apache.org/taglibs/standard/permittedTaglibs is already defined
août 28, 2022 1:28:01 PM org.apache.catalina.startup.TaglibUriRule body
INFOS: TLD skipped. URI: http://jakarta.apache.org/taglibs/standard/scriptfree is already defined
août 28, 2022 1:28:01 PM org.apache.catalina.startup.TaglibUriRule body
INFOS: TLD skipped. URI: http://java.sun.com/jstl/sql_rt is already defined
août 28, 2022 1:28:01 PM org.apache.catalina.startup.TaglibUriRule body
INFOS: TLD skipped. URI: http://java.sun.com/jstl/sql is already defined
août 28, 2022 1:28:01 PM org.apache.catalina.startup.TaglibUriRule body
INFOS: TLD skipped. URI: http://java.sun.com/jsp/jstl/sql is already defined
août 28, 2022 1:28:01 PM org.apache.catalina.startup.TaglibUriRule body
INFOS: TLD skipped. URI: http://java.sun.com/jstl/xml_rt is already defined
août 28, 2022 1:28:01 PM org.apache.catalina.startup.TaglibUriRule body
INFOS: TLD skipped. URI: http://java.sun.com/jstl/xml is already defined
août 28, 2022 1:28:01 PM org.apache.catalina.startup.TaglibUriRule body
INFOS: TLD skipped. URI: http://java.sun.com/jsp/jstl/xml is already defined
août 28, 2022 1:28:01 PM org.apache.catalina.startup.HostConfig deployDirectory
INFOS: Déploiement du répertoire E:\apache-tomcat-7.0.47\webapps\host-manager de l'application web
août 28, 2022 1:28:04 PM org.apache.catalina.startup.HostConfig deployDirectory
INFOS: Déploiement du répertoire E:\apache-tomcat-7.0.47\webapps\manager de l'application web
août 28, 2022 1:28:06 PM org.apache.catalina.startup.HostConfig deployDirectory
INFOS: Déploiement du répertoire E:\apache-tomcat-7.0.47\webapps\ROOT de l'application web
août 28, 2022 1:28:08 PM org.apache.coyote.AbstractProtocol start
INFOS: Starting ProtocolHandler ["http-bio-8080"]
août 28, 2022 1:28:08 PM org.apache.coyote.AbstractProtocol start
INFOS: Starting ProtocolHandler ["ajp-bio-8009"]
août 28, 2022 1:28:08 PM org.apache.catalina.startup.Catalina start
INFOS: Server startup in 149361 ms
août 28, 2022 1:33:28 PM org.apache.jasper.compiler.TldLocationsCache tldScanJar
INFOS: At least one JAR was scanned for TLDs yet contained no TLDs. Enable debug logging for this logger for a complete list of JARs that were scanned but no TLDs were found in them. Skipping unneeded JARs during scanning can improve startup time and JSP compilation time.
août 28, 2022 1:38:23 PM org.apache.http.impl.execchain.RetryExec execute
INFOS: I/O exception (java.net.SocketException) caught when processing request to {}->http://127.0.0.1:9090: Connection reset
août 28, 2022 1:38:23 PM org.apache.http.impl.execchain.RetryExec execute
INFOS: Retrying request to {}->http://127.0.0.1:9090
août 28, 2022 1:38:27 PM org.apache.http.impl.execchain.RetryExec execute
INFOS: I/O exception (java.net.SocketException) caught when processing request to {}->http://127.0.0.1:9090: Connection reset
août 28, 2022 1:38:27 PM org.apache.http.impl.execchain.RetryExec execute
INFOS: Retrying request to {}->http://127.0.0.1:9090
août 28, 2022 1:46:06 PM org.apache.http.impl.execchain.RetryExec execute
INFOS: I/O exception (java.net.SocketException) caught when processing request to {}->http://127.0.0.1:9090: Connection reset
août 28, 2022 1:46:06 PM org.apache.http.impl.execchain.RetryExec execute
INFOS: Retrying request to {}->http://127.0.0.1:9090
août 28, 2022 1:46:06 PM org.apache.http.impl.execchain.RetryExec execute
INFOS: I/O exception (java.net.SocketException) caught when processing request to {}->http://127.0.0.1:9090: Connection reset
août 28, 2022 1:46:06 PM org.apache.http.impl.execchain.RetryExec execute
INFOS: Retrying request to {}->http://127.0.0.1:9090
août 28, 2022 1:49:13 PM org.apache.http.impl.execchain.RetryExec execute
INFOS: I/O exception (java.net.SocketException) caught when processing request to {}->http://127.0.0.1:9090: Software caused connection abort: recv failed
août 28, 2022 1:49:13 PM org.apache.http.impl.execchain.RetryExec execute
INFOS: Retrying request to {}->http://127.0.0.1:9090
août 28, 2022 1:49:13 PM org.apache.http.impl.execchain.RetryExec execute
INFOS: I/O exception (java.net.SocketException) caught when processing request to {}->http://127.0.0.1:9090: Connection reset
août 28, 2022 1:49:13 PM org.apache.http.impl.execchain.RetryExec execute
INFOS: Retrying request to {}->http://127.0.0.1:9090
août 28, 2022 2:05:26 PM org.apache.http.impl.execchain.RetryExec execute
INFOS: I/O exception (java.net.SocketException) caught when processing request to {}->http://127.0.0.1:9090: Connection reset
août 28, 2022 2:05:27 PM org.apache.http.impl.execchain.RetryExec execute
INFOS: Retrying request to {}->http://127.0.0.1:9090
