août 21, 2022 8:32:07 AM org.apache.catalina.core.AprLifecycleListener init
INFOS: The APR based Apache Tomcat Native library which allows optimal performance in production environments was not found on the java.library.path: C:\Program Files\Java\jre1.8.0_251\bin;C:\Windows\Sun\Java\bin;C:\Windows\system32;C:\Windows;C:\Program Files (x86)\Common Files\Oracle\Java\javapath;C:\Windows\system32;C:\Windows;C:\Windows\System32\Wbem;C:\Windows\System32\WindowsPowerShell\v1.0\;C:\Program Files (x86)\Microsoft VS Code\bin;C:\Program Files\nodejs\;C:\Program Files\apache-maven-3.6.3\bin;C:\Program Files\Git\cmd;C:\Program Files (x86)\MySQL\MySQL Server 5.5\bin;C:\Users\Free Services Plus\AppData\Roaming\npm;C:\Program Files (x86)\Slot Constructor\bin;C:\Program Files (x86)\Slot Constructor\plugins;C:\Users\Free Services Plus\AppData\Local\Programs\Microsoft VS Code\bin;.
août 21, 2022 8:32:09 AM org.apache.coyote.AbstractProtocol init
INFOS: Initializing ProtocolHandler ["http-bio-8080"]
août 21, 2022 8:32:10 AM org.apache.coyote.AbstractProtocol init
INFOS: Initializing ProtocolHandler ["ajp-bio-8009"]
août 21, 2022 8:32:10 AM org.apache.catalina.startup.Catalina load
INFOS: Initialization processed in 4372 ms
août 21, 2022 8:32:10 AM org.apache.catalina.core.StandardService startInternal
INFOS: Démarrage du service Catalina
août 21, 2022 8:32:10 AM org.apache.catalina.core.StandardEngine startInternal
INFOS: Starting Servlet Engine: Apache Tomcat/7.0.47
août 21, 2022 8:32:10 AM org.apache.catalina.startup.HostConfig deployWAR
INFOS: Déploiement de l'archive E:\apache-tomcat-7.0.47\webapps\administrator.war de l'application web
août 21, 2022 8:33:13 AM org.apache.catalina.util.SessionIdGenerator createSecureRandom
INFOS: Creation of SecureRandom instance for session ID generation using [SHA1PRNG] took [779] milliseconds.
août 21, 2022 8:33:14 AM org.apache.catalina.startup.HostConfig deployDirectory
INFOS: Déploiement du répertoire E:\apache-tomcat-7.0.47\webapps\docs de l'application web
août 21, 2022 8:33:16 AM org.apache.catalina.startup.HostConfig deployDirectory
INFOS: Déploiement du répertoire E:\apache-tomcat-7.0.47\webapps\examples de l'application web
août 21, 2022 8:33:24 AM org.apache.catalina.startup.TaglibUriRule body
INFOS: TLD skipped. URI: http://java.sun.com/jstl/core_rt is already defined
août 21, 2022 8:33:24 AM org.apache.catalina.startup.TaglibUriRule body
INFOS: TLD skipped. URI: http://java.sun.com/jstl/core is already defined
août 21, 2022 8:33:24 AM org.apache.catalina.startup.TaglibUriRule body
INFOS: TLD skipped. URI: http://java.sun.com/jsp/jstl/core is already defined
août 21, 2022 8:33:24 AM org.apache.catalina.startup.TaglibUriRule body
INFOS: TLD skipped. URI: http://java.sun.com/jstl/fmt_rt is already defined
août 21, 2022 8:33:24 AM org.apache.catalina.startup.TaglibUriRule body
INFOS: TLD skipped. URI: http://java.sun.com/jstl/fmt is already defined
août 21, 2022 8:33:24 AM org.apache.catalina.startup.TaglibUriRule body
INFOS: TLD skipped. URI: http://java.sun.com/jsp/jstl/fmt is already defined
août 21, 2022 8:33:24 AM org.apache.catalina.startup.TaglibUriRule body
INFOS: TLD skipped. URI: http://java.sun.com/jsp/jstl/functions is already defined
août 21, 2022 8:33:24 AM org.apache.catalina.startup.TaglibUriRule body
INFOS: TLD skipped. URI: http://jakarta.apache.org/taglibs/standard/permittedTaglibs is already defined
août 21, 2022 8:33:24 AM org.apache.catalina.startup.TaglibUriRule body
INFOS: TLD skipped. URI: http://jakarta.apache.org/taglibs/standard/scriptfree is already defined
août 21, 2022 8:33:24 AM org.apache.catalina.startup.TaglibUriRule body
INFOS: TLD skipped. URI: http://java.sun.com/jstl/sql_rt is already defined
août 21, 2022 8:33:24 AM org.apache.catalina.startup.TaglibUriRule body
INFOS: TLD skipped. URI: http://java.sun.com/jstl/sql is already defined
août 21, 2022 8:33:24 AM org.apache.catalina.startup.TaglibUriRule body
INFOS: TLD skipped. URI: http://java.sun.com/jsp/jstl/sql is already defined
août 21, 2022 8:33:24 AM org.apache.catalina.startup.TaglibUriRule body
INFOS: TLD skipped. URI: http://java.sun.com/jstl/xml_rt is already defined
août 21, 2022 8:33:24 AM org.apache.catalina.startup.TaglibUriRule body
INFOS: TLD skipped. URI: http://java.sun.com/jstl/xml is already defined
août 21, 2022 8:33:24 AM org.apache.catalina.startup.TaglibUriRule body
INFOS: TLD skipped. URI: http://java.sun.com/jsp/jstl/xml is already defined
août 21, 2022 8:33:24 AM org.apache.catalina.startup.HostConfig deployDirectory
INFOS: Déploiement du répertoire E:\apache-tomcat-7.0.47\webapps\host-manager de l'application web
août 21, 2022 8:33:25 AM org.apache.catalina.startup.HostConfig deployDirectory
INFOS: Déploiement du répertoire E:\apache-tomcat-7.0.47\webapps\manager de l'application web
août 21, 2022 8:33:26 AM org.apache.catalina.startup.HostConfig deployDirectory
INFOS: Déploiement du répertoire E:\apache-tomcat-7.0.47\webapps\ROOT de l'application web
août 21, 2022 8:33:28 AM org.apache.coyote.AbstractProtocol start
INFOS: Starting ProtocolHandler ["http-bio-8080"]
août 21, 2022 8:33:28 AM org.apache.coyote.AbstractProtocol start
INFOS: Starting ProtocolHandler ["ajp-bio-8009"]
août 21, 2022 8:33:28 AM org.apache.catalina.startup.Catalina start
INFOS: Server startup in 78528 ms
août 21, 2022 8:36:43 AM org.apache.jasper.compiler.TldLocationsCache tldScanJar
INFOS: At least one JAR was scanned for TLDs yet contained no TLDs. Enable debug logging for this logger for a complete list of JARs that were scanned but no TLDs were found in them. Skipping unneeded JARs during scanning can improve startup time and JSP compilation time.
août 21, 2022 8:54:20 AM org.apache.catalina.startup.HostConfig deleteRedeployResources
INFOS: Repli (undeploy) de l'application web ayant pour chemin de contexte /administrator
août 21, 2022 8:54:22 AM org.apache.catalina.loader.WebappClassLoader clearReferencesThreads
GRAVE: The web application [/administrator] appears to have started a thread named [Abandoned connection cleanup thread] but has failed to stop it. This is very likely to create a memory leak.
août 21, 2022 8:54:22 AM org.apache.catalina.loader.WebappClassLoader clearReferencesThreads
GRAVE: The web application [/administrator] appears to have started a thread named [com.google.common.base.internal.Finalizer] but has failed to stop it. This is very likely to create a memory leak.
août 21, 2022 8:54:22 AM org.apache.catalina.loader.WebappClassLoader clearReferencesThreads
GRAVE: The web application [/administrator] appears to have started a thread named [BoneCP-keep-alive-scheduler] but has failed to stop it. This is very likely to create a memory leak.
août 21, 2022 8:54:22 AM org.apache.catalina.loader.WebappClassLoader clearReferencesThreads
GRAVE: The web application [/administrator] appears to have started a thread named [BoneCP-pool-watch-thread] but has failed to stop it. This is very likely to create a memory leak.
août 21, 2022 8:56:06 AM org.apache.catalina.startup.HostConfig deployWAR
INFOS: Déploiement de l'archive E:\apache-tomcat-7.0.47\webapps\administrator.war de l'application web
août 21, 2022 8:56:15 AM org.apache.catalina.startup.ContextConfig init
GRAVE: Exception fixing docBase for context [/administrator]
java.util.zip.ZipException: error in opening zip file
	at java.util.zip.ZipFile.open(Native Method)
	at java.util.zip.ZipFile.<init>(Unknown Source)
	at java.util.zip.ZipFile.<init>(Unknown Source)
	at java.util.jar.JarFile.<init>(Unknown Source)
	at java.util.jar.JarFile.<init>(Unknown Source)
	at sun.net.www.protocol.jar.URLJarFile.<init>(Unknown Source)
	at sun.net.www.protocol.jar.URLJarFile.getJarFile(Unknown Source)
	at sun.net.www.protocol.jar.JarFileFactory.get(Unknown Source)
	at sun.net.www.protocol.jar.JarURLConnection.connect(Unknown Source)
	at sun.net.www.protocol.jar.JarURLConnection.getJarFile(Unknown Source)
	at org.apache.catalina.startup.ExpandWar.expand(ExpandWar.java:113)
	at org.apache.catalina.startup.ContextConfig.fixDocBase(ContextConfig.java:722)
	at org.apache.catalina.startup.ContextConfig.init(ContextConfig.java:843)
	at org.apache.catalina.startup.ContextConfig.lifecycleEvent(ContextConfig.java:387)
	at org.apache.catalina.util.LifecycleSupport.fireLifecycleEvent(LifecycleSupport.java:119)
	at org.apache.catalina.util.LifecycleBase.fireLifecycleEvent(LifecycleBase.java:90)
	at org.apache.catalina.util.LifecycleBase.setStateInternal(LifecycleBase.java:402)
	at org.apache.catalina.util.LifecycleBase.init(LifecycleBase.java:110)
	at org.apache.catalina.util.LifecycleBase.start(LifecycleBase.java:139)
	at org.apache.catalina.core.ContainerBase.addChildInternal(ContainerBase.java:901)
	at org.apache.catalina.core.ContainerBase.addChild(ContainerBase.java:877)
	at org.apache.catalina.core.StandardHost.addChild(StandardHost.java:633)
	at org.apache.catalina.startup.HostConfig.deployWAR(HostConfig.java:983)
	at org.apache.catalina.startup.HostConfig$DeployWar.run(HostConfig.java:1660)
	at java.util.concurrent.Executors$RunnableAdapter.call(Unknown Source)
	at java.util.concurrent.FutureTask.run(Unknown Source)
	at java.util.concurrent.ThreadPoolExecutor.runWorker(Unknown Source)
	at java.util.concurrent.ThreadPoolExecutor$Worker.run(Unknown Source)
	at java.lang.Thread.run(Unknown Source)

août 21, 2022 8:56:19 AM org.apache.catalina.core.StandardContext resourcesStart
GRAVE: Erreur lors du démarrage des ressources statiques
java.lang.IllegalArgumentException: Fichier WAR invalide ou illisible  : error in opening zip file
	at org.apache.naming.resources.WARDirContext.setDocBase(WARDirContext.java:138)
	at org.apache.catalina.core.StandardContext.resourcesStart(StandardContext.java:5055)
	at org.apache.catalina.core.StandardContext.startInternal(StandardContext.java:5235)
	at org.apache.catalina.util.LifecycleBase.start(LifecycleBase.java:150)
	at org.apache.catalina.core.ContainerBase.addChildInternal(ContainerBase.java:901)
	at org.apache.catalina.core.ContainerBase.addChild(ContainerBase.java:877)
	at org.apache.catalina.core.StandardHost.addChild(StandardHost.java:633)
	at org.apache.catalina.startup.HostConfig.deployWAR(HostConfig.java:983)
	at org.apache.catalina.startup.HostConfig$DeployWar.run(HostConfig.java:1660)
	at java.util.concurrent.Executors$RunnableAdapter.call(Unknown Source)
	at java.util.concurrent.FutureTask.run(Unknown Source)
	at java.util.concurrent.ThreadPoolExecutor.runWorker(Unknown Source)
	at java.util.concurrent.ThreadPoolExecutor$Worker.run(Unknown Source)
	at java.lang.Thread.run(Unknown Source)

août 21, 2022 8:56:19 AM org.apache.catalina.core.StandardContext startInternal
GRAVE: Error in resourceStart()
août 21, 2022 8:56:19 AM org.apache.catalina.core.StandardContext startInternal
GRAVE: Error getConfigured
août 21, 2022 8:56:19 AM org.apache.catalina.core.StandardContext startInternal
GRAVE: Erreur de démarrage du contexte [/administrator] suite aux erreurs précédentes
août 21, 2022 8:56:29 AM org.apache.catalina.startup.HostConfig deleteRedeployResources
INFOS: Repli (undeploy) de l'application web ayant pour chemin de contexte /administrator
août 21, 2022 8:56:30 AM org.apache.catalina.startup.HostConfig deployWAR
INFOS: Déploiement de l'archive E:\apache-tomcat-7.0.47\webapps\administrator.war de l'application web
août 21, 2022 8:56:30 AM org.apache.catalina.startup.ContextConfig init
GRAVE: Exception fixing docBase for context [/administrator]
java.util.zip.ZipException: error in opening zip file
	at java.util.zip.ZipFile.open(Native Method)
	at java.util.zip.ZipFile.<init>(Unknown Source)
	at java.util.zip.ZipFile.<init>(Unknown Source)
	at java.util.jar.JarFile.<init>(Unknown Source)
	at java.util.jar.JarFile.<init>(Unknown Source)
	at sun.net.www.protocol.jar.URLJarFile.<init>(Unknown Source)
	at sun.net.www.protocol.jar.URLJarFile.getJarFile(Unknown Source)
	at sun.net.www.protocol.jar.JarFileFactory.get(Unknown Source)
	at sun.net.www.protocol.jar.JarURLConnection.connect(Unknown Source)
	at sun.net.www.protocol.jar.JarURLConnection.getJarFile(Unknown Source)
	at org.apache.catalina.startup.ExpandWar.expand(ExpandWar.java:113)
	at org.apache.catalina.startup.ContextConfig.fixDocBase(ContextConfig.java:722)
	at org.apache.catalina.startup.ContextConfig.init(ContextConfig.java:843)
	at org.apache.catalina.startup.ContextConfig.lifecycleEvent(ContextConfig.java:387)
	at org.apache.catalina.util.LifecycleSupport.fireLifecycleEvent(LifecycleSupport.java:119)
	at org.apache.catalina.util.LifecycleBase.fireLifecycleEvent(LifecycleBase.java:90)
	at org.apache.catalina.util.LifecycleBase.setStateInternal(LifecycleBase.java:402)
	at org.apache.catalina.util.LifecycleBase.init(LifecycleBase.java:110)
	at org.apache.catalina.util.LifecycleBase.start(LifecycleBase.java:139)
	at org.apache.catalina.core.ContainerBase.addChildInternal(ContainerBase.java:901)
	at org.apache.catalina.core.ContainerBase.addChild(ContainerBase.java:877)
	at org.apache.catalina.core.StandardHost.addChild(StandardHost.java:633)
	at org.apache.catalina.startup.HostConfig.deployWAR(HostConfig.java:983)
	at org.apache.catalina.startup.HostConfig$DeployWar.run(HostConfig.java:1660)
	at java.util.concurrent.Executors$RunnableAdapter.call(Unknown Source)
	at java.util.concurrent.FutureTask.run(Unknown Source)
	at java.util.concurrent.ThreadPoolExecutor.runWorker(Unknown Source)
	at java.util.concurrent.ThreadPoolExecutor$Worker.run(Unknown Source)
	at java.lang.Thread.run(Unknown Source)

août 21, 2022 8:56:30 AM org.apache.catalina.core.StandardContext resourcesStart
GRAVE: Erreur lors du démarrage des ressources statiques
java.lang.IllegalArgumentException: Fichier WAR invalide ou illisible  : error in opening zip file
	at org.apache.naming.resources.WARDirContext.setDocBase(WARDirContext.java:138)
	at org.apache.catalina.core.StandardContext.resourcesStart(StandardContext.java:5055)
	at org.apache.catalina.core.StandardContext.startInternal(StandardContext.java:5235)
	at org.apache.catalina.util.LifecycleBase.start(LifecycleBase.java:150)
	at org.apache.catalina.core.ContainerBase.addChildInternal(ContainerBase.java:901)
	at org.apache.catalina.core.ContainerBase.addChild(ContainerBase.java:877)
	at org.apache.catalina.core.StandardHost.addChild(StandardHost.java:633)
	at org.apache.catalina.startup.HostConfig.deployWAR(HostConfig.java:983)
	at org.apache.catalina.startup.HostConfig$DeployWar.run(HostConfig.java:1660)
	at java.util.concurrent.Executors$RunnableAdapter.call(Unknown Source)
	at java.util.concurrent.FutureTask.run(Unknown Source)
	at java.util.concurrent.ThreadPoolExecutor.runWorker(Unknown Source)
	at java.util.concurrent.ThreadPoolExecutor$Worker.run(Unknown Source)
	at java.lang.Thread.run(Unknown Source)

août 21, 2022 8:56:30 AM org.apache.catalina.core.StandardContext startInternal
GRAVE: Error in resourceStart()
août 21, 2022 8:56:31 AM org.apache.catalina.core.StandardContext startInternal
GRAVE: Error getConfigured
août 21, 2022 8:56:31 AM org.apache.catalina.core.StandardContext startInternal
GRAVE: Erreur de démarrage du contexte [/administrator] suite aux erreurs précédentes
août 21, 2022 8:56:51 AM org.apache.catalina.startup.HostConfig deleteRedeployResources
INFOS: Repli (undeploy) de l'application web ayant pour chemin de contexte /administrator
août 21, 2022 8:56:51 AM org.apache.catalina.startup.HostConfig deployWAR
INFOS: Déploiement de l'archive E:\apache-tomcat-7.0.47\webapps\administrator.war de l'application web
août 21, 2022 8:56:51 AM org.apache.catalina.startup.ContextConfig init
GRAVE: Exception fixing docBase for context [/administrator]
java.util.zip.ZipException: error in opening zip file
	at java.util.zip.ZipFile.open(Native Method)
	at java.util.zip.ZipFile.<init>(Unknown Source)
	at java.util.zip.ZipFile.<init>(Unknown Source)
	at java.util.jar.JarFile.<init>(Unknown Source)
	at java.util.jar.JarFile.<init>(Unknown Source)
	at sun.net.www.protocol.jar.URLJarFile.<init>(Unknown Source)
	at sun.net.www.protocol.jar.URLJarFile.getJarFile(Unknown Source)
	at sun.net.www.protocol.jar.JarFileFactory.get(Unknown Source)
	at sun.net.www.protocol.jar.JarURLConnection.connect(Unknown Source)
	at sun.net.www.protocol.jar.JarURLConnection.getJarFile(Unknown Source)
	at org.apache.catalina.startup.ExpandWar.expand(ExpandWar.java:113)
	at org.apache.catalina.startup.ContextConfig.fixDocBase(ContextConfig.java:722)
	at org.apache.catalina.startup.ContextConfig.init(ContextConfig.java:843)
	at org.apache.catalina.startup.ContextConfig.lifecycleEvent(ContextConfig.java:387)
	at org.apache.catalina.util.LifecycleSupport.fireLifecycleEvent(LifecycleSupport.java:119)
	at org.apache.catalina.util.LifecycleBase.fireLifecycleEvent(LifecycleBase.java:90)
	at org.apache.catalina.util.LifecycleBase.setStateInternal(LifecycleBase.java:402)
	at org.apache.catalina.util.LifecycleBase.init(LifecycleBase.java:110)
	at org.apache.catalina.util.LifecycleBase.start(LifecycleBase.java:139)
	at org.apache.catalina.core.ContainerBase.addChildInternal(ContainerBase.java:901)
	at org.apache.catalina.core.ContainerBase.addChild(ContainerBase.java:877)
	at org.apache.catalina.core.StandardHost.addChild(StandardHost.java:633)
	at org.apache.catalina.startup.HostConfig.deployWAR(HostConfig.java:983)
	at org.apache.catalina.startup.HostConfig$DeployWar.run(HostConfig.java:1660)
	at java.util.concurrent.Executors$RunnableAdapter.call(Unknown Source)
	at java.util.concurrent.FutureTask.run(Unknown Source)
	at java.util.concurrent.ThreadPoolExecutor.runWorker(Unknown Source)
	at java.util.concurrent.ThreadPoolExecutor$Worker.run(Unknown Source)
	at java.lang.Thread.run(Unknown Source)

août 21, 2022 8:56:51 AM org.apache.catalina.core.StandardContext resourcesStart
GRAVE: Erreur lors du démarrage des ressources statiques
java.lang.IllegalArgumentException: Fichier WAR invalide ou illisible  : error in opening zip file
	at org.apache.naming.resources.WARDirContext.setDocBase(WARDirContext.java:138)
	at org.apache.catalina.core.StandardContext.resourcesStart(StandardContext.java:5055)
	at org.apache.catalina.core.StandardContext.startInternal(StandardContext.java:5235)
	at org.apache.catalina.util.LifecycleBase.start(LifecycleBase.java:150)
	at org.apache.catalina.core.ContainerBase.addChildInternal(ContainerBase.java:901)
	at org.apache.catalina.core.ContainerBase.addChild(ContainerBase.java:877)
	at org.apache.catalina.core.StandardHost.addChild(StandardHost.java:633)
	at org.apache.catalina.startup.HostConfig.deployWAR(HostConfig.java:983)
	at org.apache.catalina.startup.HostConfig$DeployWar.run(HostConfig.java:1660)
	at java.util.concurrent.Executors$RunnableAdapter.call(Unknown Source)
	at java.util.concurrent.FutureTask.run(Unknown Source)
	at java.util.concurrent.ThreadPoolExecutor.runWorker(Unknown Source)
	at java.util.concurrent.ThreadPoolExecutor$Worker.run(Unknown Source)
	at java.lang.Thread.run(Unknown Source)

août 21, 2022 8:56:51 AM org.apache.catalina.core.StandardContext startInternal
GRAVE: Error in resourceStart()
août 21, 2022 8:56:51 AM org.apache.catalina.core.StandardContext startInternal
GRAVE: Error getConfigured
août 21, 2022 8:56:51 AM org.apache.catalina.core.StandardContext startInternal
GRAVE: Erreur de démarrage du contexte [/administrator] suite aux erreurs précédentes
août 21, 2022 8:57:01 AM org.apache.catalina.startup.HostConfig deleteRedeployResources
INFOS: Repli (undeploy) de l'application web ayant pour chemin de contexte /administrator
août 21, 2022 8:57:03 AM org.apache.catalina.startup.HostConfig deployWAR
INFOS: Déploiement de l'archive E:\apache-tomcat-7.0.47\webapps\administrator.war de l'application web
août 21, 2022 8:57:04 AM org.apache.catalina.startup.ContextConfig init
GRAVE: Exception fixing docBase for context [/administrator]
java.util.zip.ZipException: error in opening zip file
	at java.util.zip.ZipFile.open(Native Method)
	at java.util.zip.ZipFile.<init>(Unknown Source)
	at java.util.zip.ZipFile.<init>(Unknown Source)
	at java.util.jar.JarFile.<init>(Unknown Source)
	at java.util.jar.JarFile.<init>(Unknown Source)
	at sun.net.www.protocol.jar.URLJarFile.<init>(Unknown Source)
	at sun.net.www.protocol.jar.URLJarFile.getJarFile(Unknown Source)
	at sun.net.www.protocol.jar.JarFileFactory.get(Unknown Source)
	at sun.net.www.protocol.jar.JarURLConnection.connect(Unknown Source)
	at sun.net.www.protocol.jar.JarURLConnection.getJarFile(Unknown Source)
	at org.apache.catalina.startup.ExpandWar.expand(ExpandWar.java:113)
	at org.apache.catalina.startup.ContextConfig.fixDocBase(ContextConfig.java:722)
	at org.apache.catalina.startup.ContextConfig.init(ContextConfig.java:843)
	at org.apache.catalina.startup.ContextConfig.lifecycleEvent(ContextConfig.java:387)
	at org.apache.catalina.util.LifecycleSupport.fireLifecycleEvent(LifecycleSupport.java:119)
	at org.apache.catalina.util.LifecycleBase.fireLifecycleEvent(LifecycleBase.java:90)
	at org.apache.catalina.util.LifecycleBase.setStateInternal(LifecycleBase.java:402)
	at org.apache.catalina.util.LifecycleBase.init(LifecycleBase.java:110)
	at org.apache.catalina.util.LifecycleBase.start(LifecycleBase.java:139)
	at org.apache.catalina.core.ContainerBase.addChildInternal(ContainerBase.java:901)
	at org.apache.catalina.core.ContainerBase.addChild(ContainerBase.java:877)
	at org.apache.catalina.core.StandardHost.addChild(StandardHost.java:633)
	at org.apache.catalina.startup.HostConfig.deployWAR(HostConfig.java:983)
	at org.apache.catalina.startup.HostConfig$DeployWar.run(HostConfig.java:1660)
	at java.util.concurrent.Executors$RunnableAdapter.call(Unknown Source)
	at java.util.concurrent.FutureTask.run(Unknown Source)
	at java.util.concurrent.ThreadPoolExecutor.runWorker(Unknown Source)
	at java.util.concurrent.ThreadPoolExecutor$Worker.run(Unknown Source)
	at java.lang.Thread.run(Unknown Source)

août 21, 2022 8:57:04 AM org.apache.catalina.core.StandardContext resourcesStart
GRAVE: Erreur lors du démarrage des ressources statiques
java.lang.IllegalArgumentException: Fichier WAR invalide ou illisible  : error in opening zip file
	at org.apache.naming.resources.WARDirContext.setDocBase(WARDirContext.java:138)
	at org.apache.catalina.core.StandardContext.resourcesStart(StandardContext.java:5055)
	at org.apache.catalina.core.StandardContext.startInternal(StandardContext.java:5235)
	at org.apache.catalina.util.LifecycleBase.start(LifecycleBase.java:150)
	at org.apache.catalina.core.ContainerBase.addChildInternal(ContainerBase.java:901)
	at org.apache.catalina.core.ContainerBase.addChild(ContainerBase.java:877)
	at org.apache.catalina.core.StandardHost.addChild(StandardHost.java:633)
	at org.apache.catalina.startup.HostConfig.deployWAR(HostConfig.java:983)
	at org.apache.catalina.startup.HostConfig$DeployWar.run(HostConfig.java:1660)
	at java.util.concurrent.Executors$RunnableAdapter.call(Unknown Source)
	at java.util.concurrent.FutureTask.run(Unknown Source)
	at java.util.concurrent.ThreadPoolExecutor.runWorker(Unknown Source)
	at java.util.concurrent.ThreadPoolExecutor$Worker.run(Unknown Source)
	at java.lang.Thread.run(Unknown Source)

août 21, 2022 8:57:04 AM org.apache.catalina.core.StandardContext startInternal
GRAVE: Error in resourceStart()
août 21, 2022 8:57:04 AM org.apache.catalina.core.StandardContext startInternal
GRAVE: Error getConfigured
août 21, 2022 8:57:04 AM org.apache.catalina.core.StandardContext startInternal
GRAVE: Erreur de démarrage du contexte [/administrator] suite aux erreurs précédentes
août 21, 2022 8:57:14 AM org.apache.catalina.startup.HostConfig deleteRedeployResources
INFOS: Repli (undeploy) de l'application web ayant pour chemin de contexte /administrator
août 21, 2022 8:57:14 AM org.apache.catalina.startup.HostConfig deployWAR
INFOS: Déploiement de l'archive E:\apache-tomcat-7.0.47\webapps\administrator.war de l'application web
août 21, 2022 8:57:14 AM org.apache.catalina.startup.ContextConfig init
GRAVE: Exception fixing docBase for context [/administrator]
java.util.zip.ZipException: error in opening zip file
	at java.util.zip.ZipFile.open(Native Method)
	at java.util.zip.ZipFile.<init>(Unknown Source)
	at java.util.zip.ZipFile.<init>(Unknown Source)
	at java.util.jar.JarFile.<init>(Unknown Source)
	at java.util.jar.JarFile.<init>(Unknown Source)
	at sun.net.www.protocol.jar.URLJarFile.<init>(Unknown Source)
	at sun.net.www.protocol.jar.URLJarFile.getJarFile(Unknown Source)
	at sun.net.www.protocol.jar.JarFileFactory.get(Unknown Source)
	at sun.net.www.protocol.jar.JarURLConnection.connect(Unknown Source)
	at sun.net.www.protocol.jar.JarURLConnection.getJarFile(Unknown Source)
	at org.apache.catalina.startup.ExpandWar.expand(ExpandWar.java:113)
	at org.apache.catalina.startup.ContextConfig.fixDocBase(ContextConfig.java:722)
	at org.apache.catalina.startup.ContextConfig.init(ContextConfig.java:843)
	at org.apache.catalina.startup.ContextConfig.lifecycleEvent(ContextConfig.java:387)
	at org.apache.catalina.util.LifecycleSupport.fireLifecycleEvent(LifecycleSupport.java:119)
	at org.apache.catalina.util.LifecycleBase.fireLifecycleEvent(LifecycleBase.java:90)
	at org.apache.catalina.util.LifecycleBase.setStateInternal(LifecycleBase.java:402)
	at org.apache.catalina.util.LifecycleBase.init(LifecycleBase.java:110)
	at org.apache.catalina.util.LifecycleBase.start(LifecycleBase.java:139)
	at org.apache.catalina.core.ContainerBase.addChildInternal(ContainerBase.java:901)
	at org.apache.catalina.core.ContainerBase.addChild(ContainerBase.java:877)
	at org.apache.catalina.core.StandardHost.addChild(StandardHost.java:633)
	at org.apache.catalina.startup.HostConfig.deployWAR(HostConfig.java:983)
	at org.apache.catalina.startup.HostConfig$DeployWar.run(HostConfig.java:1660)
	at java.util.concurrent.Executors$RunnableAdapter.call(Unknown Source)
	at java.util.concurrent.FutureTask.run(Unknown Source)
	at java.util.concurrent.ThreadPoolExecutor.runWorker(Unknown Source)
	at java.util.concurrent.ThreadPoolExecutor$Worker.run(Unknown Source)
	at java.lang.Thread.run(Unknown Source)

août 21, 2022 8:57:14 AM org.apache.catalina.core.StandardContext resourcesStart
GRAVE: Erreur lors du démarrage des ressources statiques
java.lang.IllegalArgumentException: Fichier WAR invalide ou illisible  : error in opening zip file
	at org.apache.naming.resources.WARDirContext.setDocBase(WARDirContext.java:138)
	at org.apache.catalina.core.StandardContext.resourcesStart(StandardContext.java:5055)
	at org.apache.catalina.core.StandardContext.startInternal(StandardContext.java:5235)
	at org.apache.catalina.util.LifecycleBase.start(LifecycleBase.java:150)
	at org.apache.catalina.core.ContainerBase.addChildInternal(ContainerBase.java:901)
	at org.apache.catalina.core.ContainerBase.addChild(ContainerBase.java:877)
	at org.apache.catalina.core.StandardHost.addChild(StandardHost.java:633)
	at org.apache.catalina.startup.HostConfig.deployWAR(HostConfig.java:983)
	at org.apache.catalina.startup.HostConfig$DeployWar.run(HostConfig.java:1660)
	at java.util.concurrent.Executors$RunnableAdapter.call(Unknown Source)
	at java.util.concurrent.FutureTask.run(Unknown Source)
	at java.util.concurrent.ThreadPoolExecutor.runWorker(Unknown Source)
	at java.util.concurrent.ThreadPoolExecutor$Worker.run(Unknown Source)
	at java.lang.Thread.run(Unknown Source)

août 21, 2022 8:57:14 AM org.apache.catalina.core.StandardContext startInternal
GRAVE: Error in resourceStart()
août 21, 2022 8:57:14 AM org.apache.catalina.core.StandardContext startInternal
GRAVE: Error getConfigured
août 21, 2022 8:57:14 AM org.apache.catalina.core.StandardContext startInternal
GRAVE: Erreur de démarrage du contexte [/administrator] suite aux erreurs précédentes
août 21, 2022 8:57:56 AM org.apache.catalina.startup.HostConfig deleteRedeployResources
INFOS: Repli (undeploy) de l'application web ayant pour chemin de contexte /administrator
août 21, 2022 8:57:56 AM org.apache.catalina.startup.HostConfig deployWAR
INFOS: Déploiement de l'archive E:\apache-tomcat-7.0.47\webapps\administrator.war de l'application web
août 21, 2022 8:57:56 AM org.apache.catalina.startup.ContextConfig init
GRAVE: Exception fixing docBase for context [/administrator]
java.util.zip.ZipException: error in opening zip file
	at java.util.zip.ZipFile.open(Native Method)
	at java.util.zip.ZipFile.<init>(Unknown Source)
	at java.util.zip.ZipFile.<init>(Unknown Source)
	at java.util.jar.JarFile.<init>(Unknown Source)
	at java.util.jar.JarFile.<init>(Unknown Source)
	at sun.net.www.protocol.jar.URLJarFile.<init>(Unknown Source)
	at sun.net.www.protocol.jar.URLJarFile.getJarFile(Unknown Source)
	at sun.net.www.protocol.jar.JarFileFactory.get(Unknown Source)
	at sun.net.www.protocol.jar.JarURLConnection.connect(Unknown Source)
	at sun.net.www.protocol.jar.JarURLConnection.getJarFile(Unknown Source)
	at org.apache.catalina.startup.ExpandWar.expand(ExpandWar.java:113)
	at org.apache.catalina.startup.ContextConfig.fixDocBase(ContextConfig.java:722)
	at org.apache.catalina.startup.ContextConfig.init(ContextConfig.java:843)
	at org.apache.catalina.startup.ContextConfig.lifecycleEvent(ContextConfig.java:387)
	at org.apache.catalina.util.LifecycleSupport.fireLifecycleEvent(LifecycleSupport.java:119)
	at org.apache.catalina.util.LifecycleBase.fireLifecycleEvent(LifecycleBase.java:90)
	at org.apache.catalina.util.LifecycleBase.setStateInternal(LifecycleBase.java:402)
	at org.apache.catalina.util.LifecycleBase.init(LifecycleBase.java:110)
	at org.apache.catalina.util.LifecycleBase.start(LifecycleBase.java:139)
	at org.apache.catalina.core.ContainerBase.addChildInternal(ContainerBase.java:901)
	at org.apache.catalina.core.ContainerBase.addChild(ContainerBase.java:877)
	at org.apache.catalina.core.StandardHost.addChild(StandardHost.java:633)
	at org.apache.catalina.startup.HostConfig.deployWAR(HostConfig.java:983)
	at org.apache.catalina.startup.HostConfig$DeployWar.run(HostConfig.java:1660)
	at java.util.concurrent.Executors$RunnableAdapter.call(Unknown Source)
	at java.util.concurrent.FutureTask.run(Unknown Source)
	at java.util.concurrent.ThreadPoolExecutor.runWorker(Unknown Source)
	at java.util.concurrent.ThreadPoolExecutor$Worker.run(Unknown Source)
	at java.lang.Thread.run(Unknown Source)

août 21, 2022 8:57:56 AM org.apache.catalina.core.StandardContext resourcesStart
GRAVE: Erreur lors du démarrage des ressources statiques
java.lang.IllegalArgumentException: Fichier WAR invalide ou illisible  : error in opening zip file
	at org.apache.naming.resources.WARDirContext.setDocBase(WARDirContext.java:138)
	at org.apache.catalina.core.StandardContext.resourcesStart(StandardContext.java:5055)
	at org.apache.catalina.core.StandardContext.startInternal(StandardContext.java:5235)
	at org.apache.catalina.util.LifecycleBase.start(LifecycleBase.java:150)
	at org.apache.catalina.core.ContainerBase.addChildInternal(ContainerBase.java:901)
	at org.apache.catalina.core.ContainerBase.addChild(ContainerBase.java:877)
	at org.apache.catalina.core.StandardHost.addChild(StandardHost.java:633)
	at org.apache.catalina.startup.HostConfig.deployWAR(HostConfig.java:983)
	at org.apache.catalina.startup.HostConfig$DeployWar.run(HostConfig.java:1660)
	at java.util.concurrent.Executors$RunnableAdapter.call(Unknown Source)
	at java.util.concurrent.FutureTask.run(Unknown Source)
	at java.util.concurrent.ThreadPoolExecutor.runWorker(Unknown Source)
	at java.util.concurrent.ThreadPoolExecutor$Worker.run(Unknown Source)
	at java.lang.Thread.run(Unknown Source)

août 21, 2022 8:57:56 AM org.apache.catalina.core.StandardContext startInternal
GRAVE: Error in resourceStart()
août 21, 2022 8:57:56 AM org.apache.catalina.core.StandardContext startInternal
GRAVE: Error getConfigured
août 21, 2022 8:57:56 AM org.apache.catalina.core.StandardContext startInternal
GRAVE: Erreur de démarrage du contexte [/administrator] suite aux erreurs précédentes
août 21, 2022 8:58:28 AM org.apache.catalina.startup.HostConfig deleteRedeployResources
INFOS: Repli (undeploy) de l'application web ayant pour chemin de contexte /administrator
août 21, 2022 8:58:29 AM org.apache.catalina.startup.HostConfig deployWAR
INFOS: Déploiement de l'archive E:\apache-tomcat-7.0.47\webapps\administrator.war de l'application web
août 21, 2022 8:58:29 AM org.apache.catalina.startup.ContextConfig init
GRAVE: Exception fixing docBase for context [/administrator]
java.util.zip.ZipException: error in opening zip file
	at java.util.zip.ZipFile.open(Native Method)
	at java.util.zip.ZipFile.<init>(Unknown Source)
	at java.util.zip.ZipFile.<init>(Unknown Source)
	at java.util.jar.JarFile.<init>(Unknown Source)
	at java.util.jar.JarFile.<init>(Unknown Source)
	at sun.net.www.protocol.jar.URLJarFile.<init>(Unknown Source)
	at sun.net.www.protocol.jar.URLJarFile.getJarFile(Unknown Source)
	at sun.net.www.protocol.jar.JarFileFactory.get(Unknown Source)
	at sun.net.www.protocol.jar.JarURLConnection.connect(Unknown Source)
	at sun.net.www.protocol.jar.JarURLConnection.getJarFile(Unknown Source)
	at org.apache.catalina.startup.ExpandWar.expand(ExpandWar.java:113)
	at org.apache.catalina.startup.ContextConfig.fixDocBase(ContextConfig.java:722)
	at org.apache.catalina.startup.ContextConfig.init(ContextConfig.java:843)
	at org.apache.catalina.startup.ContextConfig.lifecycleEvent(ContextConfig.java:387)
	at org.apache.catalina.util.LifecycleSupport.fireLifecycleEvent(LifecycleSupport.java:119)
	at org.apache.catalina.util.LifecycleBase.fireLifecycleEvent(LifecycleBase.java:90)
	at org.apache.catalina.util.LifecycleBase.setStateInternal(LifecycleBase.java:402)
	at org.apache.catalina.util.LifecycleBase.init(LifecycleBase.java:110)
	at org.apache.catalina.util.LifecycleBase.start(LifecycleBase.java:139)
	at org.apache.catalina.core.ContainerBase.addChildInternal(ContainerBase.java:901)
	at org.apache.catalina.core.ContainerBase.addChild(ContainerBase.java:877)
	at org.apache.catalina.core.StandardHost.addChild(StandardHost.java:633)
	at org.apache.catalina.startup.HostConfig.deployWAR(HostConfig.java:983)
	at org.apache.catalina.startup.HostConfig$DeployWar.run(HostConfig.java:1660)
	at java.util.concurrent.Executors$RunnableAdapter.call(Unknown Source)
	at java.util.concurrent.FutureTask.run(Unknown Source)
	at java.util.concurrent.ThreadPoolExecutor.runWorker(Unknown Source)
	at java.util.concurrent.ThreadPoolExecutor$Worker.run(Unknown Source)
	at java.lang.Thread.run(Unknown Source)

août 21, 2022 8:58:29 AM org.apache.catalina.core.StandardContext resourcesStart
GRAVE: Erreur lors du démarrage des ressources statiques
java.lang.IllegalArgumentException: Fichier WAR invalide ou illisible  : error in opening zip file
	at org.apache.naming.resources.WARDirContext.setDocBase(WARDirContext.java:138)
	at org.apache.catalina.core.StandardContext.resourcesStart(StandardContext.java:5055)
	at org.apache.catalina.core.StandardContext.startInternal(StandardContext.java:5235)
	at org.apache.catalina.util.LifecycleBase.start(LifecycleBase.java:150)
	at org.apache.catalina.core.ContainerBase.addChildInternal(ContainerBase.java:901)
	at org.apache.catalina.core.ContainerBase.addChild(ContainerBase.java:877)
	at org.apache.catalina.core.StandardHost.addChild(StandardHost.java:633)
	at org.apache.catalina.startup.HostConfig.deployWAR(HostConfig.java:983)
	at org.apache.catalina.startup.HostConfig$DeployWar.run(HostConfig.java:1660)
	at java.util.concurrent.Executors$RunnableAdapter.call(Unknown Source)
	at java.util.concurrent.FutureTask.run(Unknown Source)
	at java.util.concurrent.ThreadPoolExecutor.runWorker(Unknown Source)
	at java.util.concurrent.ThreadPoolExecutor$Worker.run(Unknown Source)
	at java.lang.Thread.run(Unknown Source)

août 21, 2022 8:58:29 AM org.apache.catalina.core.StandardContext startInternal
GRAVE: Error in resourceStart()
août 21, 2022 8:58:29 AM org.apache.catalina.core.StandardContext startInternal
GRAVE: Error getConfigured
août 21, 2022 8:58:29 AM org.apache.catalina.core.StandardContext startInternal
GRAVE: Erreur de démarrage du contexte [/administrator] suite aux erreurs précédentes
août 21, 2022 8:58:39 AM org.apache.catalina.startup.HostConfig deleteRedeployResources
INFOS: Repli (undeploy) de l'application web ayant pour chemin de contexte /administrator
août 21, 2022 8:58:39 AM org.apache.catalina.startup.HostConfig deployWAR
INFOS: Déploiement de l'archive E:\apache-tomcat-7.0.47\webapps\administrator.war de l'application web
août 21, 2022 8:58:39 AM org.apache.catalina.startup.ContextConfig init
GRAVE: Exception fixing docBase for context [/administrator]
java.util.zip.ZipException: error in opening zip file
	at java.util.zip.ZipFile.open(Native Method)
	at java.util.zip.ZipFile.<init>(Unknown Source)
	at java.util.zip.ZipFile.<init>(Unknown Source)
	at java.util.jar.JarFile.<init>(Unknown Source)
	at java.util.jar.JarFile.<init>(Unknown Source)
	at sun.net.www.protocol.jar.URLJarFile.<init>(Unknown Source)
	at sun.net.www.protocol.jar.URLJarFile.getJarFile(Unknown Source)
	at sun.net.www.protocol.jar.JarFileFactory.get(Unknown Source)
	at sun.net.www.protocol.jar.JarURLConnection.connect(Unknown Source)
	at sun.net.www.protocol.jar.JarURLConnection.getJarFile(Unknown Source)
	at org.apache.catalina.startup.ExpandWar.expand(ExpandWar.java:113)
	at org.apache.catalina.startup.ContextConfig.fixDocBase(ContextConfig.java:722)
	at org.apache.catalina.startup.ContextConfig.init(ContextConfig.java:843)
	at org.apache.catalina.startup.ContextConfig.lifecycleEvent(ContextConfig.java:387)
	at org.apache.catalina.util.LifecycleSupport.fireLifecycleEvent(LifecycleSupport.java:119)
	at org.apache.catalina.util.LifecycleBase.fireLifecycleEvent(LifecycleBase.java:90)
	at org.apache.catalina.util.LifecycleBase.setStateInternal(LifecycleBase.java:402)
	at org.apache.catalina.util.LifecycleBase.init(LifecycleBase.java:110)
	at org.apache.catalina.util.LifecycleBase.start(LifecycleBase.java:139)
	at org.apache.catalina.core.ContainerBase.addChildInternal(ContainerBase.java:901)
	at org.apache.catalina.core.ContainerBase.addChild(ContainerBase.java:877)
	at org.apache.catalina.core.StandardHost.addChild(StandardHost.java:633)
	at org.apache.catalina.startup.HostConfig.deployWAR(HostConfig.java:983)
	at org.apache.catalina.startup.HostConfig$DeployWar.run(HostConfig.java:1660)
	at java.util.concurrent.Executors$RunnableAdapter.call(Unknown Source)
	at java.util.concurrent.FutureTask.run(Unknown Source)
	at java.util.concurrent.ThreadPoolExecutor.runWorker(Unknown Source)
	at java.util.concurrent.ThreadPoolExecutor$Worker.run(Unknown Source)
	at java.lang.Thread.run(Unknown Source)

août 21, 2022 8:58:39 AM org.apache.catalina.core.StandardContext resourcesStart
GRAVE: Erreur lors du démarrage des ressources statiques
java.lang.IllegalArgumentException: Fichier WAR invalide ou illisible  : error in opening zip file
	at org.apache.naming.resources.WARDirContext.setDocBase(WARDirContext.java:138)
	at org.apache.catalina.core.StandardContext.resourcesStart(StandardContext.java:5055)
	at org.apache.catalina.core.StandardContext.startInternal(StandardContext.java:5235)
	at org.apache.catalina.util.LifecycleBase.start(LifecycleBase.java:150)
	at org.apache.catalina.core.ContainerBase.addChildInternal(ContainerBase.java:901)
	at org.apache.catalina.core.ContainerBase.addChild(ContainerBase.java:877)
	at org.apache.catalina.core.StandardHost.addChild(StandardHost.java:633)
	at org.apache.catalina.startup.HostConfig.deployWAR(HostConfig.java:983)
	at org.apache.catalina.startup.HostConfig$DeployWar.run(HostConfig.java:1660)
	at java.util.concurrent.Executors$RunnableAdapter.call(Unknown Source)
	at java.util.concurrent.FutureTask.run(Unknown Source)
	at java.util.concurrent.ThreadPoolExecutor.runWorker(Unknown Source)
	at java.util.concurrent.ThreadPoolExecutor$Worker.run(Unknown Source)
	at java.lang.Thread.run(Unknown Source)

août 21, 2022 8:58:39 AM org.apache.catalina.core.StandardContext startInternal
GRAVE: Error in resourceStart()
août 21, 2022 8:58:39 AM org.apache.catalina.core.StandardContext startInternal
GRAVE: Error getConfigured
août 21, 2022 8:58:39 AM org.apache.catalina.core.StandardContext startInternal
GRAVE: Erreur de démarrage du contexte [/administrator] suite aux erreurs précédentes
août 21, 2022 8:59:10 AM org.apache.catalina.startup.HostConfig deleteRedeployResources
INFOS: Repli (undeploy) de l'application web ayant pour chemin de contexte /administrator
août 21, 2022 8:59:11 AM org.apache.catalina.startup.HostConfig deployWAR
INFOS: Déploiement de l'archive E:\apache-tomcat-7.0.47\webapps\administrator.war de l'application web
août 21, 2022 8:59:11 AM org.apache.catalina.startup.ContextConfig init
GRAVE: Exception fixing docBase for context [/administrator]
java.util.zip.ZipException: error in opening zip file
	at java.util.zip.ZipFile.open(Native Method)
	at java.util.zip.ZipFile.<init>(Unknown Source)
	at java.util.zip.ZipFile.<init>(Unknown Source)
	at java.util.jar.JarFile.<init>(Unknown Source)
	at java.util.jar.JarFile.<init>(Unknown Source)
	at sun.net.www.protocol.jar.URLJarFile.<init>(Unknown Source)
	at sun.net.www.protocol.jar.URLJarFile.getJarFile(Unknown Source)
	at sun.net.www.protocol.jar.JarFileFactory.get(Unknown Source)
	at sun.net.www.protocol.jar.JarURLConnection.connect(Unknown Source)
	at sun.net.www.protocol.jar.JarURLConnection.getJarFile(Unknown Source)
	at org.apache.catalina.startup.ExpandWar.expand(ExpandWar.java:113)
	at org.apache.catalina.startup.ContextConfig.fixDocBase(ContextConfig.java:722)
	at org.apache.catalina.startup.ContextConfig.init(ContextConfig.java:843)
	at org.apache.catalina.startup.ContextConfig.lifecycleEvent(ContextConfig.java:387)
	at org.apache.catalina.util.LifecycleSupport.fireLifecycleEvent(LifecycleSupport.java:119)
	at org.apache.catalina.util.LifecycleBase.fireLifecycleEvent(LifecycleBase.java:90)
	at org.apache.catalina.util.LifecycleBase.setStateInternal(LifecycleBase.java:402)
	at org.apache.catalina.util.LifecycleBase.init(LifecycleBase.java:110)
	at org.apache.catalina.util.LifecycleBase.start(LifecycleBase.java:139)
	at org.apache.catalina.core.ContainerBase.addChildInternal(ContainerBase.java:901)
	at org.apache.catalina.core.ContainerBase.addChild(ContainerBase.java:877)
	at org.apache.catalina.core.StandardHost.addChild(StandardHost.java:633)
	at org.apache.catalina.startup.HostConfig.deployWAR(HostConfig.java:983)
	at org.apache.catalina.startup.HostConfig$DeployWar.run(HostConfig.java:1660)
	at java.util.concurrent.Executors$RunnableAdapter.call(Unknown Source)
	at java.util.concurrent.FutureTask.run(Unknown Source)
	at java.util.concurrent.ThreadPoolExecutor.runWorker(Unknown Source)
	at java.util.concurrent.ThreadPoolExecutor$Worker.run(Unknown Source)
	at java.lang.Thread.run(Unknown Source)

août 21, 2022 8:59:11 AM org.apache.catalina.core.StandardContext resourcesStart
GRAVE: Erreur lors du démarrage des ressources statiques
java.lang.IllegalArgumentException: Fichier WAR invalide ou illisible  : error in opening zip file
	at org.apache.naming.resources.WARDirContext.setDocBase(WARDirContext.java:138)
	at org.apache.catalina.core.StandardContext.resourcesStart(StandardContext.java:5055)
	at org.apache.catalina.core.StandardContext.startInternal(StandardContext.java:5235)
	at org.apache.catalina.util.LifecycleBase.start(LifecycleBase.java:150)
	at org.apache.catalina.core.ContainerBase.addChildInternal(ContainerBase.java:901)
	at org.apache.catalina.core.ContainerBase.addChild(ContainerBase.java:877)
	at org.apache.catalina.core.StandardHost.addChild(StandardHost.java:633)
	at org.apache.catalina.startup.HostConfig.deployWAR(HostConfig.java:983)
	at org.apache.catalina.startup.HostConfig$DeployWar.run(HostConfig.java:1660)
	at java.util.concurrent.Executors$RunnableAdapter.call(Unknown Source)
	at java.util.concurrent.FutureTask.run(Unknown Source)
	at java.util.concurrent.ThreadPoolExecutor.runWorker(Unknown Source)
	at java.util.concurrent.ThreadPoolExecutor$Worker.run(Unknown Source)
	at java.lang.Thread.run(Unknown Source)

août 21, 2022 8:59:11 AM org.apache.catalina.core.StandardContext startInternal
GRAVE: Error in resourceStart()
août 21, 2022 8:59:11 AM org.apache.catalina.core.StandardContext startInternal
GRAVE: Error getConfigured
août 21, 2022 8:59:11 AM org.apache.catalina.core.StandardContext startInternal
GRAVE: Erreur de démarrage du contexte [/administrator] suite aux erreurs précédentes
août 21, 2022 8:59:42 AM org.apache.catalina.startup.HostConfig deleteRedeployResources
INFOS: Repli (undeploy) de l'application web ayant pour chemin de contexte /administrator
août 21, 2022 8:59:42 AM org.apache.catalina.startup.HostConfig deployWAR
INFOS: Déploiement de l'archive E:\apache-tomcat-7.0.47\webapps\administrator.war de l'application web
août 21, 2022 8:59:43 AM org.apache.catalina.startup.ContextConfig init
GRAVE: Exception fixing docBase for context [/administrator]
java.util.zip.ZipException: error in opening zip file
	at java.util.zip.ZipFile.open(Native Method)
	at java.util.zip.ZipFile.<init>(Unknown Source)
	at java.util.zip.ZipFile.<init>(Unknown Source)
	at java.util.jar.JarFile.<init>(Unknown Source)
	at java.util.jar.JarFile.<init>(Unknown Source)
	at sun.net.www.protocol.jar.URLJarFile.<init>(Unknown Source)
	at sun.net.www.protocol.jar.URLJarFile.getJarFile(Unknown Source)
	at sun.net.www.protocol.jar.JarFileFactory.get(Unknown Source)
	at sun.net.www.protocol.jar.JarURLConnection.connect(Unknown Source)
	at sun.net.www.protocol.jar.JarURLConnection.getJarFile(Unknown Source)
	at org.apache.catalina.startup.ExpandWar.expand(ExpandWar.java:113)
	at org.apache.catalina.startup.ContextConfig.fixDocBase(ContextConfig.java:722)
	at org.apache.catalina.startup.ContextConfig.init(ContextConfig.java:843)
	at org.apache.catalina.startup.ContextConfig.lifecycleEvent(ContextConfig.java:387)
	at org.apache.catalina.util.LifecycleSupport.fireLifecycleEvent(LifecycleSupport.java:119)
	at org.apache.catalina.util.LifecycleBase.fireLifecycleEvent(LifecycleBase.java:90)
	at org.apache.catalina.util.LifecycleBase.setStateInternal(LifecycleBase.java:402)
	at org.apache.catalina.util.LifecycleBase.init(LifecycleBase.java:110)
	at org.apache.catalina.util.LifecycleBase.start(LifecycleBase.java:139)
	at org.apache.catalina.core.ContainerBase.addChildInternal(ContainerBase.java:901)
	at org.apache.catalina.core.ContainerBase.addChild(ContainerBase.java:877)
	at org.apache.catalina.core.StandardHost.addChild(StandardHost.java:633)
	at org.apache.catalina.startup.HostConfig.deployWAR(HostConfig.java:983)
	at org.apache.catalina.startup.HostConfig$DeployWar.run(HostConfig.java:1660)
	at java.util.concurrent.Executors$RunnableAdapter.call(Unknown Source)
	at java.util.concurrent.FutureTask.run(Unknown Source)
	at java.util.concurrent.ThreadPoolExecutor.runWorker(Unknown Source)
	at java.util.concurrent.ThreadPoolExecutor$Worker.run(Unknown Source)
	at java.lang.Thread.run(Unknown Source)

août 21, 2022 8:59:43 AM org.apache.catalina.core.StandardContext resourcesStart
GRAVE: Erreur lors du démarrage des ressources statiques
java.lang.IllegalArgumentException: Fichier WAR invalide ou illisible  : error in opening zip file
	at org.apache.naming.resources.WARDirContext.setDocBase(WARDirContext.java:138)
	at org.apache.catalina.core.StandardContext.resourcesStart(StandardContext.java:5055)
	at org.apache.catalina.core.StandardContext.startInternal(StandardContext.java:5235)
	at org.apache.catalina.util.LifecycleBase.start(LifecycleBase.java:150)
	at org.apache.catalina.core.ContainerBase.addChildInternal(ContainerBase.java:901)
	at org.apache.catalina.core.ContainerBase.addChild(ContainerBase.java:877)
	at org.apache.catalina.core.StandardHost.addChild(StandardHost.java:633)
	at org.apache.catalina.startup.HostConfig.deployWAR(HostConfig.java:983)
	at org.apache.catalina.startup.HostConfig$DeployWar.run(HostConfig.java:1660)
	at java.util.concurrent.Executors$RunnableAdapter.call(Unknown Source)
	at java.util.concurrent.FutureTask.run(Unknown Source)
	at java.util.concurrent.ThreadPoolExecutor.runWorker(Unknown Source)
	at java.util.concurrent.ThreadPoolExecutor$Worker.run(Unknown Source)
	at java.lang.Thread.run(Unknown Source)

août 21, 2022 8:59:43 AM org.apache.catalina.core.StandardContext startInternal
GRAVE: Error in resourceStart()
août 21, 2022 8:59:43 AM org.apache.catalina.core.StandardContext startInternal
GRAVE: Error getConfigured
août 21, 2022 8:59:43 AM org.apache.catalina.core.StandardContext startInternal
GRAVE: Erreur de démarrage du contexte [/administrator] suite aux erreurs précédentes
août 21, 2022 9:00:14 AM org.apache.catalina.startup.HostConfig deleteRedeployResources
INFOS: Repli (undeploy) de l'application web ayant pour chemin de contexte /administrator
août 21, 2022 9:00:24 AM org.apache.catalina.startup.HostConfig deployWAR
INFOS: Déploiement de l'archive E:\apache-tomcat-7.0.47\webapps\administrator.war de l'application web
août 21, 2022 9:08:24 AM org.apache.catalina.core.StandardServer await
INFOS: A valid shutdown command was received via the shutdown port. Stopping the Server instance.
août 21, 2022 9:08:24 AM org.apache.coyote.AbstractProtocol pause
INFOS: Pausing ProtocolHandler ["http-bio-8080"]
août 21, 2022 9:08:25 AM org.apache.coyote.AbstractProtocol pause
INFOS: Pausing ProtocolHandler ["ajp-bio-8009"]
août 21, 2022 9:08:25 AM org.apache.catalina.core.StandardService stopInternal
INFOS: Arrêt du service Catalina
août 21, 2022 9:08:26 AM org.apache.catalina.loader.WebappClassLoader clearReferencesThreads
GRAVE: The web application [/administrator] appears to have started a thread named [com.google.common.base.internal.Finalizer] but has failed to stop it. This is very likely to create a memory leak.
août 21, 2022 9:08:27 AM org.apache.catalina.loader.WebappClassLoader clearReferencesThreads
GRAVE: The web application [/administrator] appears to have started a thread named [BoneCP-keep-alive-scheduler] but has failed to stop it. This is very likely to create a memory leak.
août 21, 2022 9:08:27 AM org.apache.catalina.loader.WebappClassLoader clearReferencesThreads
GRAVE: The web application [/administrator] appears to have started a thread named [BoneCP-pool-watch-thread] but has failed to stop it. This is very likely to create a memory leak.
août 21, 2022 9:08:27 AM org.apache.coyote.AbstractProtocol stop
INFOS: Stopping ProtocolHandler ["http-bio-8080"]
août 21, 2022 9:08:28 AM org.apache.coyote.AbstractProtocol stop
INFOS: Stopping ProtocolHandler ["ajp-bio-8009"]
août 21, 2022 9:08:28 AM org.apache.coyote.AbstractProtocol destroy
INFOS: Destroying ProtocolHandler ["http-bio-8080"]
août 21, 2022 9:08:28 AM org.apache.coyote.AbstractProtocol destroy
INFOS: Destroying ProtocolHandler ["ajp-bio-8009"]
août 21, 2022 9:08:51 AM org.apache.catalina.core.AprLifecycleListener init
INFOS: The APR based Apache Tomcat Native library which allows optimal performance in production environments was not found on the java.library.path: C:\Program Files\Java\jre1.8.0_251\bin;C:\Windows\Sun\Java\bin;C:\Windows\system32;C:\Windows;C:\Program Files (x86)\Common Files\Oracle\Java\javapath;C:\Windows\system32;C:\Windows;C:\Windows\System32\Wbem;C:\Windows\System32\WindowsPowerShell\v1.0\;C:\Program Files (x86)\Microsoft VS Code\bin;C:\Program Files\nodejs\;C:\Program Files\apache-maven-3.6.3\bin;C:\Program Files\Git\cmd;C:\Program Files (x86)\MySQL\MySQL Server 5.5\bin;C:\Users\Free Services Plus\AppData\Roaming\npm;C:\Program Files (x86)\Slot Constructor\bin;C:\Program Files (x86)\Slot Constructor\plugins;C:\Users\Free Services Plus\AppData\Local\Programs\Microsoft VS Code\bin;.
août 21, 2022 9:09:04 AM org.apache.coyote.AbstractProtocol init
INFOS: Initializing ProtocolHandler ["http-bio-8080"]
août 21, 2022 9:09:04 AM org.apache.coyote.AbstractProtocol init
INFOS: Initializing ProtocolHandler ["ajp-bio-8009"]
août 21, 2022 9:09:04 AM org.apache.catalina.startup.Catalina load
INFOS: Initialization processed in 16740 ms
août 21, 2022 9:09:05 AM org.apache.catalina.core.StandardService startInternal
INFOS: Démarrage du service Catalina
août 21, 2022 9:09:05 AM org.apache.catalina.core.StandardEngine startInternal
INFOS: Starting Servlet Engine: Apache Tomcat/7.0.47
août 21, 2022 9:09:06 AM org.apache.catalina.startup.HostConfig deployWAR
INFOS: Déploiement de l'archive E:\apache-tomcat-7.0.47\webapps\administrator.war de l'application web
août 21, 2022 9:09:23 AM org.apache.catalina.util.SessionIdGenerator createSecureRandom
INFOS: Creation of SecureRandom instance for session ID generation using [SHA1PRNG] took [1 161] milliseconds.
août 21, 2022 9:09:24 AM org.apache.catalina.startup.HostConfig deployDirectory
INFOS: Déploiement du répertoire E:\apache-tomcat-7.0.47\webapps\docs de l'application web
août 21, 2022 9:09:26 AM org.apache.catalina.startup.HostConfig deployDirectory
INFOS: Déploiement du répertoire E:\apache-tomcat-7.0.47\webapps\examples de l'application web
août 21, 2022 9:09:35 AM org.apache.catalina.startup.TaglibUriRule body
INFOS: TLD skipped. URI: http://java.sun.com/jstl/core_rt is already defined
août 21, 2022 9:09:35 AM org.apache.catalina.startup.TaglibUriRule body
INFOS: TLD skipped. URI: http://java.sun.com/jstl/core is already defined
août 21, 2022 9:09:35 AM org.apache.catalina.startup.TaglibUriRule body
INFOS: TLD skipped. URI: http://java.sun.com/jsp/jstl/core is already defined
août 21, 2022 9:09:35 AM org.apache.catalina.startup.TaglibUriRule body
INFOS: TLD skipped. URI: http://java.sun.com/jstl/fmt_rt is already defined
août 21, 2022 9:09:35 AM org.apache.catalina.startup.TaglibUriRule body
INFOS: TLD skipped. URI: http://java.sun.com/jstl/fmt is already defined
août 21, 2022 9:09:35 AM org.apache.catalina.startup.TaglibUriRule body
INFOS: TLD skipped. URI: http://java.sun.com/jsp/jstl/fmt is already defined
août 21, 2022 9:09:35 AM org.apache.catalina.startup.TaglibUriRule body
INFOS: TLD skipped. URI: http://java.sun.com/jsp/jstl/functions is already defined
août 21, 2022 9:09:35 AM org.apache.catalina.startup.TaglibUriRule body
INFOS: TLD skipped. URI: http://jakarta.apache.org/taglibs/standard/permittedTaglibs is already defined
août 21, 2022 9:09:35 AM org.apache.catalina.startup.TaglibUriRule body
INFOS: TLD skipped. URI: http://jakarta.apache.org/taglibs/standard/scriptfree is already defined
août 21, 2022 9:09:35 AM org.apache.catalina.startup.TaglibUriRule body
INFOS: TLD skipped. URI: http://java.sun.com/jstl/sql_rt is already defined
août 21, 2022 9:09:35 AM org.apache.catalina.startup.TaglibUriRule body
INFOS: TLD skipped. URI: http://java.sun.com/jstl/sql is already defined
août 21, 2022 9:09:35 AM org.apache.catalina.startup.TaglibUriRule body
INFOS: TLD skipped. URI: http://java.sun.com/jsp/jstl/sql is already defined
août 21, 2022 9:09:35 AM org.apache.catalina.startup.TaglibUriRule body
INFOS: TLD skipped. URI: http://java.sun.com/jstl/xml_rt is already defined
août 21, 2022 9:09:35 AM org.apache.catalina.startup.TaglibUriRule body
INFOS: TLD skipped. URI: http://java.sun.com/jstl/xml is already defined
août 21, 2022 9:09:35 AM org.apache.catalina.startup.TaglibUriRule body
INFOS: TLD skipped. URI: http://java.sun.com/jsp/jstl/xml is already defined
août 21, 2022 9:09:35 AM org.apache.catalina.startup.HostConfig deployDirectory
INFOS: Déploiement du répertoire E:\apache-tomcat-7.0.47\webapps\host-manager de l'application web
août 21, 2022 9:09:37 AM org.apache.catalina.startup.HostConfig deployDirectory
INFOS: Déploiement du répertoire E:\apache-tomcat-7.0.47\webapps\manager de l'application web
août 21, 2022 9:09:38 AM org.apache.catalina.startup.HostConfig deployDirectory
INFOS: Déploiement du répertoire E:\apache-tomcat-7.0.47\webapps\ROOT de l'application web
août 21, 2022 9:09:39 AM org.apache.coyote.AbstractProtocol start
INFOS: Starting ProtocolHandler ["http-bio-8080"]
août 21, 2022 9:09:39 AM org.apache.coyote.AbstractProtocol start
INFOS: Starting ProtocolHandler ["ajp-bio-8009"]
août 21, 2022 9:09:39 AM org.apache.catalina.startup.Catalina start
INFOS: Server startup in 35292 ms
août 21, 2022 9:10:15 AM org.apache.catalina.core.StandardServer await
INFOS: A valid shutdown command was received via the shutdown port. Stopping the Server instance.
août 21, 2022 9:10:15 AM org.apache.coyote.AbstractProtocol pause
INFOS: Pausing ProtocolHandler ["http-bio-8080"]
août 21, 2022 9:10:15 AM org.apache.coyote.AbstractProtocol pause
INFOS: Pausing ProtocolHandler ["ajp-bio-8009"]
août 21, 2022 9:10:15 AM org.apache.catalina.core.StandardService stopInternal
INFOS: Arrêt du service Catalina
août 21, 2022 9:10:15 AM org.apache.catalina.loader.WebappClassLoader clearReferencesThreads
GRAVE: The web application [/administrator] appears to have started a thread named [Abandoned connection cleanup thread] but has failed to stop it. This is very likely to create a memory leak.
août 21, 2022 9:10:15 AM org.apache.coyote.AbstractProtocol stop
INFOS: Stopping ProtocolHandler ["http-bio-8080"]
août 21, 2022 9:10:15 AM org.apache.coyote.AbstractProtocol stop
INFOS: Stopping ProtocolHandler ["ajp-bio-8009"]
août 21, 2022 9:10:15 AM org.apache.coyote.AbstractProtocol destroy
INFOS: Destroying ProtocolHandler ["http-bio-8080"]
août 21, 2022 9:10:15 AM org.apache.coyote.AbstractProtocol destroy
INFOS: Destroying ProtocolHandler ["ajp-bio-8009"]
août 21, 2022 9:10:22 AM org.apache.catalina.core.AprLifecycleListener init
INFOS: The APR based Apache Tomcat Native library which allows optimal performance in production environments was not found on the java.library.path: C:\Program Files\Java\jre1.8.0_251\bin;C:\Windows\Sun\Java\bin;C:\Windows\system32;C:\Windows;C:\Program Files (x86)\Common Files\Oracle\Java\javapath;C:\Windows\system32;C:\Windows;C:\Windows\System32\Wbem;C:\Windows\System32\WindowsPowerShell\v1.0\;C:\Program Files (x86)\Microsoft VS Code\bin;C:\Program Files\nodejs\;C:\Program Files\apache-maven-3.6.3\bin;C:\Program Files\Git\cmd;C:\Program Files (x86)\MySQL\MySQL Server 5.5\bin;C:\Users\Free Services Plus\AppData\Roaming\npm;C:\Program Files (x86)\Slot Constructor\bin;C:\Program Files (x86)\Slot Constructor\plugins;C:\Users\Free Services Plus\AppData\Local\Programs\Microsoft VS Code\bin;.
août 21, 2022 9:10:23 AM org.apache.coyote.AbstractProtocol init
INFOS: Initializing ProtocolHandler ["http-bio-8080"]
août 21, 2022 9:10:23 AM org.apache.coyote.AbstractProtocol init
INFOS: Initializing ProtocolHandler ["ajp-bio-8009"]
août 21, 2022 9:10:23 AM org.apache.catalina.startup.Catalina load
INFOS: Initialization processed in 1427 ms
août 21, 2022 9:10:23 AM org.apache.catalina.core.StandardService startInternal
INFOS: Démarrage du service Catalina
août 21, 2022 9:10:23 AM org.apache.catalina.core.StandardEngine startInternal
INFOS: Starting Servlet Engine: Apache Tomcat/7.0.47
août 21, 2022 9:10:23 AM org.apache.catalina.startup.HostConfig deployWAR
INFOS: Déploiement de l'archive E:\apache-tomcat-7.0.47\webapps\administrator.war de l'application web
août 21, 2022 9:10:28 AM org.apache.catalina.util.SessionIdGenerator createSecureRandom
INFOS: Creation of SecureRandom instance for session ID generation using [SHA1PRNG] took [211] milliseconds.
août 21, 2022 9:10:28 AM org.apache.catalina.startup.HostConfig deployDirectory
INFOS: Déploiement du répertoire E:\apache-tomcat-7.0.47\webapps\docs de l'application web
août 21, 2022 9:10:29 AM org.apache.catalina.startup.HostConfig deployDirectory
INFOS: Déploiement du répertoire E:\apache-tomcat-7.0.47\webapps\examples de l'application web
août 21, 2022 9:10:30 AM org.apache.catalina.startup.TaglibUriRule body
INFOS: TLD skipped. URI: http://java.sun.com/jstl/core_rt is already defined
août 21, 2022 9:10:30 AM org.apache.catalina.startup.TaglibUriRule body
INFOS: TLD skipped. URI: http://java.sun.com/jstl/core is already defined
août 21, 2022 9:10:30 AM org.apache.catalina.startup.TaglibUriRule body
INFOS: TLD skipped. URI: http://java.sun.com/jsp/jstl/core is already defined
août 21, 2022 9:10:30 AM org.apache.catalina.startup.TaglibUriRule body
INFOS: TLD skipped. URI: http://java.sun.com/jstl/fmt_rt is already defined
août 21, 2022 9:10:30 AM org.apache.catalina.startup.TaglibUriRule body
INFOS: TLD skipped. URI: http://java.sun.com/jstl/fmt is already defined
août 21, 2022 9:10:30 AM org.apache.catalina.startup.TaglibUriRule body
INFOS: TLD skipped. URI: http://java.sun.com/jsp/jstl/fmt is already defined
août 21, 2022 9:10:30 AM org.apache.catalina.startup.TaglibUriRule body
INFOS: TLD skipped. URI: http://java.sun.com/jsp/jstl/functions is already defined
août 21, 2022 9:10:30 AM org.apache.catalina.startup.TaglibUriRule body
INFOS: TLD skipped. URI: http://jakarta.apache.org/taglibs/standard/permittedTaglibs is already defined
août 21, 2022 9:10:30 AM org.apache.catalina.startup.TaglibUriRule body
INFOS: TLD skipped. URI: http://jakarta.apache.org/taglibs/standard/scriptfree is already defined
août 21, 2022 9:10:30 AM org.apache.catalina.startup.TaglibUriRule body
INFOS: TLD skipped. URI: http://java.sun.com/jstl/sql_rt is already defined
août 21, 2022 9:10:30 AM org.apache.catalina.startup.TaglibUriRule body
INFOS: TLD skipped. URI: http://java.sun.com/jstl/sql is already defined
août 21, 2022 9:10:30 AM org.apache.catalina.startup.TaglibUriRule body
INFOS: TLD skipped. URI: http://java.sun.com/jsp/jstl/sql is already defined
août 21, 2022 9:10:30 AM org.apache.catalina.startup.TaglibUriRule body
INFOS: TLD skipped. URI: http://java.sun.com/jstl/xml_rt is already defined
août 21, 2022 9:10:30 AM org.apache.catalina.startup.TaglibUriRule body
INFOS: TLD skipped. URI: http://java.sun.com/jstl/xml is already defined
août 21, 2022 9:10:30 AM org.apache.catalina.startup.TaglibUriRule body
INFOS: TLD skipped. URI: http://java.sun.com/jsp/jstl/xml is already defined
août 21, 2022 9:10:31 AM org.apache.catalina.startup.HostConfig deployDirectory
INFOS: Déploiement du répertoire E:\apache-tomcat-7.0.47\webapps\host-manager de l'application web
août 21, 2022 9:10:32 AM org.apache.catalina.startup.HostConfig deployDirectory
INFOS: Déploiement du répertoire E:\apache-tomcat-7.0.47\webapps\manager de l'application web
août 21, 2022 9:10:33 AM org.apache.catalina.startup.HostConfig deployDirectory
INFOS: Déploiement du répertoire E:\apache-tomcat-7.0.47\webapps\ROOT de l'application web
août 21, 2022 9:10:34 AM org.apache.coyote.AbstractProtocol start
INFOS: Starting ProtocolHandler ["http-bio-8080"]
août 21, 2022 9:10:34 AM org.apache.coyote.AbstractProtocol start
INFOS: Starting ProtocolHandler ["ajp-bio-8009"]
août 21, 2022 9:10:34 AM org.apache.catalina.startup.Catalina start
INFOS: Server startup in 10696 ms
août 21, 2022 9:12:38 AM org.apache.jasper.compiler.TldLocationsCache tldScanJar
INFOS: At least one JAR was scanned for TLDs yet contained no TLDs. Enable debug logging for this logger for a complete list of JARs that were scanned but no TLDs were found in them. Skipping unneeded JARs during scanning can improve startup time and JSP compilation time.
août 21, 2022 9:49:26 AM org.apache.catalina.startup.HostConfig deployWAR
INFOS: Déploiement de l'archive E:\apache-tomcat-7.0.47\webapps\superbet.war de l'application web
août 21, 2022 9:49:27 AM org.apache.catalina.startup.ContextConfig init
GRAVE: Exception fixing docBase for context [/superbet]
java.util.zip.ZipException: error in opening zip file
	at java.util.zip.ZipFile.open(Native Method)
	at java.util.zip.ZipFile.<init>(Unknown Source)
	at java.util.zip.ZipFile.<init>(Unknown Source)
	at java.util.jar.JarFile.<init>(Unknown Source)
	at java.util.jar.JarFile.<init>(Unknown Source)
	at sun.net.www.protocol.jar.URLJarFile.<init>(Unknown Source)
	at sun.net.www.protocol.jar.URLJarFile.getJarFile(Unknown Source)
	at sun.net.www.protocol.jar.JarFileFactory.get(Unknown Source)
	at sun.net.www.protocol.jar.JarURLConnection.connect(Unknown Source)
	at sun.net.www.protocol.jar.JarURLConnection.getJarFile(Unknown Source)
	at org.apache.catalina.startup.ExpandWar.expand(ExpandWar.java:113)
	at org.apache.catalina.startup.ContextConfig.fixDocBase(ContextConfig.java:722)
	at org.apache.catalina.startup.ContextConfig.init(ContextConfig.java:843)
	at org.apache.catalina.startup.ContextConfig.lifecycleEvent(ContextConfig.java:387)
	at org.apache.catalina.util.LifecycleSupport.fireLifecycleEvent(LifecycleSupport.java:119)
	at org.apache.catalina.util.LifecycleBase.fireLifecycleEvent(LifecycleBase.java:90)
	at org.apache.catalina.util.LifecycleBase.setStateInternal(LifecycleBase.java:402)
	at org.apache.catalina.util.LifecycleBase.init(LifecycleBase.java:110)
	at org.apache.catalina.util.LifecycleBase.start(LifecycleBase.java:139)
	at org.apache.catalina.core.ContainerBase.addChildInternal(ContainerBase.java:901)
	at org.apache.catalina.core.ContainerBase.addChild(ContainerBase.java:877)
	at org.apache.catalina.core.StandardHost.addChild(StandardHost.java:633)
	at org.apache.catalina.startup.HostConfig.deployWAR(HostConfig.java:983)
	at org.apache.catalina.startup.HostConfig$DeployWar.run(HostConfig.java:1660)
	at java.util.concurrent.Executors$RunnableAdapter.call(Unknown Source)
	at java.util.concurrent.FutureTask.run(Unknown Source)
	at java.util.concurrent.ThreadPoolExecutor.runWorker(Unknown Source)
	at java.util.concurrent.ThreadPoolExecutor$Worker.run(Unknown Source)
	at java.lang.Thread.run(Unknown Source)

août 21, 2022 9:49:27 AM org.apache.catalina.core.StandardContext resourcesStart
GRAVE: Erreur lors du démarrage des ressources statiques
java.lang.IllegalArgumentException: Fichier WAR invalide ou illisible  : error in opening zip file
	at org.apache.naming.resources.WARDirContext.setDocBase(WARDirContext.java:138)
	at org.apache.catalina.core.StandardContext.resourcesStart(StandardContext.java:5055)
	at org.apache.catalina.core.StandardContext.startInternal(StandardContext.java:5235)
	at org.apache.catalina.util.LifecycleBase.start(LifecycleBase.java:150)
	at org.apache.catalina.core.ContainerBase.addChildInternal(ContainerBase.java:901)
	at org.apache.catalina.core.ContainerBase.addChild(ContainerBase.java:877)
	at org.apache.catalina.core.StandardHost.addChild(StandardHost.java:633)
	at org.apache.catalina.startup.HostConfig.deployWAR(HostConfig.java:983)
	at org.apache.catalina.startup.HostConfig$DeployWar.run(HostConfig.java:1660)
	at java.util.concurrent.Executors$RunnableAdapter.call(Unknown Source)
	at java.util.concurrent.FutureTask.run(Unknown Source)
	at java.util.concurrent.ThreadPoolExecutor.runWorker(Unknown Source)
	at java.util.concurrent.ThreadPoolExecutor$Worker.run(Unknown Source)
	at java.lang.Thread.run(Unknown Source)

août 21, 2022 9:49:27 AM org.apache.catalina.core.StandardContext startInternal
GRAVE: Error in resourceStart()
août 21, 2022 9:49:28 AM org.apache.catalina.core.StandardContext startInternal
GRAVE: Error getConfigured
août 21, 2022 9:49:28 AM org.apache.catalina.core.StandardContext startInternal
GRAVE: Erreur de démarrage du contexte [/superbet] suite aux erreurs précédentes
août 21, 2022 9:49:38 AM org.apache.catalina.startup.HostConfig deleteRedeployResources
INFOS: Repli (undeploy) de l'application web ayant pour chemin de contexte /superbet
août 21, 2022 9:49:38 AM org.apache.catalina.startup.HostConfig deployWAR
INFOS: Déploiement de l'archive E:\apache-tomcat-7.0.47\webapps\superbet.war de l'application web
août 21, 2022 9:50:35 AM org.apache.catalina.core.StandardServer await
INFOS: A valid shutdown command was received via the shutdown port. Stopping the Server instance.
août 21, 2022 9:50:35 AM org.apache.coyote.AbstractProtocol pause
INFOS: Pausing ProtocolHandler ["http-bio-8080"]
août 21, 2022 9:50:36 AM org.apache.coyote.AbstractProtocol pause
INFOS: Pausing ProtocolHandler ["ajp-bio-8009"]
août 21, 2022 9:50:36 AM org.apache.catalina.core.StandardService stopInternal
INFOS: Arrêt du service Catalina
août 21, 2022 9:50:36 AM org.apache.catalina.startup.HostConfig deployWARs
GRAVE: Error waiting for multi-thread deployment of WAR files to complete
java.lang.InterruptedException
	at java.util.concurrent.FutureTask.awaitDone(Unknown Source)
	at java.util.concurrent.FutureTask.get(Unknown Source)
	at org.apache.catalina.startup.HostConfig.deployWARs(HostConfig.java:772)
	at org.apache.catalina.startup.HostConfig.deployApps(HostConfig.java:483)
	at org.apache.catalina.startup.HostConfig.check(HostConfig.java:1455)
	at org.apache.catalina.startup.HostConfig.lifecycleEvent(HostConfig.java:322)
	at org.apache.catalina.util.LifecycleSupport.fireLifecycleEvent(LifecycleSupport.java:119)
	at org.apache.catalina.util.LifecycleBase.fireLifecycleEvent(LifecycleBase.java:90)
	at org.apache.catalina.core.ContainerBase.backgroundProcess(ContainerBase.java:1374)
	at org.apache.catalina.core.ContainerBase$ContainerBackgroundProcessor.processChildren(ContainerBase.java:1530)
	at org.apache.catalina.core.ContainerBase$ContainerBackgroundProcessor.processChildren(ContainerBase.java:1540)
	at org.apache.catalina.core.ContainerBase$ContainerBackgroundProcessor.run(ContainerBase.java:1519)
	at java.lang.Thread.run(Unknown Source)

août 21, 2022 9:50:56 AM org.apache.catalina.loader.WebappClassLoader clearReferencesThreads
GRAVE: The web application [/superbet] appears to have started a thread named [com.google.common.base.internal.Finalizer] but has failed to stop it. This is very likely to create a memory leak.
août 21, 2022 9:50:56 AM org.apache.catalina.loader.WebappClassLoader clearReferencesThreads
GRAVE: The web application [/superbet] appears to have started a thread named [BoneCP-keep-alive-scheduler] but has failed to stop it. This is very likely to create a memory leak.
août 21, 2022 9:50:56 AM org.apache.catalina.loader.WebappClassLoader clearReferencesThreads
GRAVE: The web application [/superbet] appears to have started a thread named [BoneCP-pool-watch-thread] but has failed to stop it. This is very likely to create a memory leak.
août 21, 2022 9:50:56 AM org.apache.catalina.loader.WebappClassLoader clearReferencesThreads
GRAVE: The web application [/superbet] appears to have started a thread named [Thread-7] but has failed to stop it. This is very likely to create a memory leak.
août 21, 2022 9:50:57 AM org.apache.catalina.loader.WebappClassLoader clearReferencesThreads
GRAVE: The web application [/administrator] appears to have started a thread named [Abandoned connection cleanup thread] but has failed to stop it. This is very likely to create a memory leak.
août 21, 2022 9:50:57 AM org.apache.catalina.loader.WebappClassLoader clearReferencesThreads
GRAVE: The web application [/administrator] appears to have started a thread named [com.google.common.base.internal.Finalizer] but has failed to stop it. This is very likely to create a memory leak.
août 21, 2022 9:50:57 AM org.apache.catalina.loader.WebappClassLoader clearReferencesThreads
GRAVE: The web application [/administrator] appears to have started a thread named [BoneCP-keep-alive-scheduler] but has failed to stop it. This is very likely to create a memory leak.
août 21, 2022 9:50:57 AM org.apache.catalina.loader.WebappClassLoader clearReferencesThreads
GRAVE: The web application [/administrator] appears to have started a thread named [BoneCP-pool-watch-thread] but has failed to stop it. This is very likely to create a memory leak.
août 21, 2022 9:50:57 AM org.apache.coyote.AbstractProtocol stop
INFOS: Stopping ProtocolHandler ["http-bio-8080"]
août 21, 2022 9:50:58 AM org.apache.coyote.AbstractProtocol stop
INFOS: Stopping ProtocolHandler ["ajp-bio-8009"]
août 21, 2022 9:50:58 AM org.apache.coyote.AbstractProtocol destroy
INFOS: Destroying ProtocolHandler ["http-bio-8080"]
août 21, 2022 9:50:58 AM org.apache.coyote.AbstractProtocol destroy
INFOS: Destroying ProtocolHandler ["ajp-bio-8009"]
août 21, 2022 9:51:08 AM org.apache.catalina.core.AprLifecycleListener init
INFOS: The APR based Apache Tomcat Native library which allows optimal performance in production environments was not found on the java.library.path: C:\Program Files\Java\jre1.8.0_251\bin;C:\Windows\Sun\Java\bin;C:\Windows\system32;C:\Windows;C:\Program Files (x86)\Common Files\Oracle\Java\javapath;C:\Windows\system32;C:\Windows;C:\Windows\System32\Wbem;C:\Windows\System32\WindowsPowerShell\v1.0\;C:\Program Files (x86)\Microsoft VS Code\bin;C:\Program Files\nodejs\;C:\Program Files\apache-maven-3.6.3\bin;C:\Program Files\Git\cmd;C:\Program Files (x86)\MySQL\MySQL Server 5.5\bin;C:\Users\Free Services Plus\AppData\Roaming\npm;C:\Program Files (x86)\Slot Constructor\bin;C:\Program Files (x86)\Slot Constructor\plugins;C:\Users\Free Services Plus\AppData\Local\Programs\Microsoft VS Code\bin;.
août 21, 2022 9:51:11 AM org.apache.coyote.AbstractProtocol init
INFOS: Initializing ProtocolHandler ["http-bio-8080"]
août 21, 2022 9:51:11 AM org.apache.coyote.AbstractProtocol init
INFOS: Initializing ProtocolHandler ["ajp-bio-8009"]
août 21, 2022 9:51:11 AM org.apache.catalina.startup.Catalina load
INFOS: Initialization processed in 3699 ms
août 21, 2022 9:51:11 AM org.apache.catalina.core.StandardService startInternal
INFOS: Démarrage du service Catalina
août 21, 2022 9:51:11 AM org.apache.catalina.core.StandardEngine startInternal
INFOS: Starting Servlet Engine: Apache Tomcat/7.0.47
août 21, 2022 9:51:11 AM org.apache.catalina.startup.HostConfig deployWAR
INFOS: Déploiement de l'archive E:\apache-tomcat-7.0.47\webapps\administrator.war de l'application web
août 21, 2022 9:51:19 AM org.apache.catalina.util.SessionIdGenerator createSecureRandom
INFOS: Creation of SecureRandom instance for session ID generation using [SHA1PRNG] took [350] milliseconds.
août 21, 2022 9:51:20 AM org.apache.catalina.startup.HostConfig deployWAR
INFOS: Déploiement de l'archive E:\apache-tomcat-7.0.47\webapps\superbet.war de l'application web
août 21, 2022 9:51:23 AM org.apache.catalina.startup.HostConfig deployDirectory
INFOS: Déploiement du répertoire E:\apache-tomcat-7.0.47\webapps\docs de l'application web
août 21, 2022 9:51:24 AM org.apache.catalina.startup.HostConfig deployDirectory
INFOS: Déploiement du répertoire E:\apache-tomcat-7.0.47\webapps\examples de l'application web
août 21, 2022 9:51:28 AM org.apache.catalina.startup.TaglibUriRule body
INFOS: TLD skipped. URI: http://java.sun.com/jstl/core_rt is already defined
août 21, 2022 9:51:28 AM org.apache.catalina.startup.TaglibUriRule body
INFOS: TLD skipped. URI: http://java.sun.com/jstl/core is already defined
août 21, 2022 9:51:28 AM org.apache.catalina.startup.TaglibUriRule body
INFOS: TLD skipped. URI: http://java.sun.com/jsp/jstl/core is already defined
août 21, 2022 9:51:28 AM org.apache.catalina.startup.TaglibUriRule body
INFOS: TLD skipped. URI: http://java.sun.com/jstl/fmt_rt is already defined
août 21, 2022 9:51:28 AM org.apache.catalina.startup.TaglibUriRule body
INFOS: TLD skipped. URI: http://java.sun.com/jstl/fmt is already defined
août 21, 2022 9:51:28 AM org.apache.catalina.startup.TaglibUriRule body
INFOS: TLD skipped. URI: http://java.sun.com/jsp/jstl/fmt is already defined
août 21, 2022 9:51:28 AM org.apache.catalina.startup.TaglibUriRule body
INFOS: TLD skipped. URI: http://java.sun.com/jsp/jstl/functions is already defined
août 21, 2022 9:51:28 AM org.apache.catalina.startup.TaglibUriRule body
INFOS: TLD skipped. URI: http://jakarta.apache.org/taglibs/standard/permittedTaglibs is already defined
août 21, 2022 9:51:28 AM org.apache.catalina.startup.TaglibUriRule body
INFOS: TLD skipped. URI: http://jakarta.apache.org/taglibs/standard/scriptfree is already defined
août 21, 2022 9:51:28 AM org.apache.catalina.startup.TaglibUriRule body
INFOS: TLD skipped. URI: http://java.sun.com/jstl/sql_rt is already defined
août 21, 2022 9:51:28 AM org.apache.catalina.startup.TaglibUriRule body
INFOS: TLD skipped. URI: http://java.sun.com/jstl/sql is already defined
août 21, 2022 9:51:28 AM org.apache.catalina.startup.TaglibUriRule body
INFOS: TLD skipped. URI: http://java.sun.com/jsp/jstl/sql is already defined
août 21, 2022 9:51:28 AM org.apache.catalina.startup.TaglibUriRule body
INFOS: TLD skipped. URI: http://java.sun.com/jstl/xml_rt is already defined
août 21, 2022 9:51:28 AM org.apache.catalina.startup.TaglibUriRule body
INFOS: TLD skipped. URI: http://java.sun.com/jstl/xml is already defined
août 21, 2022 9:51:28 AM org.apache.catalina.startup.TaglibUriRule body
INFOS: TLD skipped. URI: http://java.sun.com/jsp/jstl/xml is already defined
août 21, 2022 9:51:28 AM org.apache.catalina.startup.HostConfig deployDirectory
INFOS: Déploiement du répertoire E:\apache-tomcat-7.0.47\webapps\host-manager de l'application web
août 21, 2022 9:51:30 AM org.apache.catalina.startup.HostConfig deployDirectory
INFOS: Déploiement du répertoire E:\apache-tomcat-7.0.47\webapps\manager de l'application web
août 21, 2022 9:51:31 AM org.apache.catalina.startup.HostConfig deployDirectory
INFOS: Déploiement du répertoire E:\apache-tomcat-7.0.47\webapps\ROOT de l'application web
août 21, 2022 9:51:32 AM org.apache.coyote.AbstractProtocol start
INFOS: Starting ProtocolHandler ["http-bio-8080"]
août 21, 2022 9:51:32 AM org.apache.coyote.AbstractProtocol start
INFOS: Starting ProtocolHandler ["ajp-bio-8009"]
août 21, 2022 9:51:32 AM org.apache.catalina.startup.Catalina start
INFOS: Server startup in 21572 ms
août 21, 2022 10:00:13 AM org.apache.catalina.startup.HostConfig deleteRedeployResources
INFOS: Repli (undeploy) de l'application web ayant pour chemin de contexte /administrator
août 21, 2022 10:00:13 AM org.apache.catalina.loader.WebappClassLoader clearReferencesThreads
GRAVE: The web application [/administrator] appears to have started a thread named [Abandoned connection cleanup thread] but has failed to stop it. This is very likely to create a memory leak.
août 21, 2022 10:00:13 AM org.apache.catalina.loader.WebappClassLoader clearReferencesThreads
GRAVE: The web application [/administrator] appears to have started a thread named [com.google.common.base.internal.Finalizer] but has failed to stop it. This is very likely to create a memory leak.
août 21, 2022 10:00:13 AM org.apache.catalina.loader.WebappClassLoader clearReferencesThreads
GRAVE: The web application [/administrator] appears to have started a thread named [BoneCP-keep-alive-scheduler] but has failed to stop it. This is very likely to create a memory leak.
août 21, 2022 10:00:13 AM org.apache.catalina.loader.WebappClassLoader clearReferencesThreads
GRAVE: The web application [/administrator] appears to have started a thread named [BoneCP-pool-watch-thread] but has failed to stop it. This is very likely to create a memory leak.
août 21, 2022 10:00:14 AM org.apache.catalina.startup.HostConfig deployWAR
INFOS: Déploiement de l'archive E:\apache-tomcat-7.0.47\webapps\administrator.war de l'application web
août 21, 2022 10:01:16 AM org.apache.catalina.startup.HostConfig checkResources
INFOS: Reloading context [/administrator]
août 21, 2022 10:01:16 AM org.apache.catalina.core.StandardContext reload
INFOS: Le rechargement du contexte [/administrator] a démarré
août 21, 2022 10:01:16 AM org.apache.catalina.loader.WebappClassLoader clearReferencesThreads
GRAVE: The web application [/administrator] appears to have started a thread named [com.google.common.base.internal.Finalizer] but has failed to stop it. This is very likely to create a memory leak.
août 21, 2022 10:01:16 AM org.apache.catalina.loader.WebappClassLoader clearReferencesThreads
GRAVE: The web application [/administrator] appears to have started a thread named [BoneCP-keep-alive-scheduler] but has failed to stop it. This is very likely to create a memory leak.
août 21, 2022 10:01:16 AM org.apache.catalina.loader.WebappClassLoader clearReferencesThreads
GRAVE: The web application [/administrator] appears to have started a thread named [BoneCP-pool-watch-thread] but has failed to stop it. This is very likely to create a memory leak.
août 21, 2022 10:01:26 AM org.apache.catalina.startup.TaglibUriRule body
INFOS: TLD skipped. URI: http://java.sun.com/jstl/core_rt is already defined
août 21, 2022 10:01:26 AM org.apache.catalina.startup.TaglibUriRule body
INFOS: TLD skipped. URI: http://java.sun.com/jstl/core is already defined
août 21, 2022 10:01:26 AM org.apache.catalina.startup.TaglibUriRule body
INFOS: TLD skipped. URI: http://java.sun.com/jsp/jstl/core is already defined
août 21, 2022 10:01:26 AM org.apache.catalina.startup.TaglibUriRule body
INFOS: TLD skipped. URI: http://java.sun.com/jstl/fmt_rt is already defined
août 21, 2022 10:01:26 AM org.apache.catalina.startup.TaglibUriRule body
INFOS: TLD skipped. URI: http://java.sun.com/jstl/fmt is already defined
août 21, 2022 10:01:26 AM org.apache.catalina.startup.TaglibUriRule body
INFOS: TLD skipped. URI: http://java.sun.com/jsp/jstl/fmt is already defined
août 21, 2022 10:01:26 AM org.apache.catalina.startup.TaglibUriRule body
INFOS: TLD skipped. URI: http://java.sun.com/jsp/jstl/functions is already defined
août 21, 2022 10:01:26 AM org.apache.catalina.startup.TaglibUriRule body
INFOS: TLD skipped. URI: http://jakarta.apache.org/taglibs/standard/permittedTaglibs is already defined
août 21, 2022 10:01:26 AM org.apache.catalina.startup.TaglibUriRule body
INFOS: TLD skipped. URI: http://jakarta.apache.org/taglibs/standard/scriptfree is already defined
août 21, 2022 10:01:26 AM org.apache.catalina.startup.TaglibUriRule body
INFOS: TLD skipped. URI: http://java.sun.com/jstl/sql_rt is already defined
août 21, 2022 10:01:26 AM org.apache.catalina.startup.TaglibUriRule body
INFOS: TLD skipped. URI: http://java.sun.com/jstl/sql is already defined
août 21, 2022 10:01:26 AM org.apache.catalina.startup.TaglibUriRule body
INFOS: TLD skipped. URI: http://java.sun.com/jsp/jstl/sql is already defined
août 21, 2022 10:01:26 AM org.apache.catalina.startup.TaglibUriRule body
INFOS: TLD skipped. URI: http://java.sun.com/jstl/xml_rt is already defined
août 21, 2022 10:01:26 AM org.apache.catalina.startup.TaglibUriRule body
INFOS: TLD skipped. URI: http://java.sun.com/jstl/xml is already defined
août 21, 2022 10:01:26 AM org.apache.catalina.startup.TaglibUriRule body
INFOS: TLD skipped. URI: http://java.sun.com/jsp/jstl/xml is already defined
août 21, 2022 10:01:27 AM org.apache.catalina.core.StandardContext reload
INFOS: Le rechargement de ce contexte est terminé
août 21, 2022 1:36:29 PM org.apache.catalina.core.StandardServer await
INFOS: A valid shutdown command was received via the shutdown port. Stopping the Server instance.
août 21, 2022 1:36:29 PM org.apache.coyote.AbstractProtocol pause
INFOS: Pausing ProtocolHandler ["http-bio-8080"]
août 21, 2022 1:36:29 PM org.apache.coyote.AbstractProtocol pause
INFOS: Pausing ProtocolHandler ["ajp-bio-8009"]
août 21, 2022 1:36:29 PM org.apache.catalina.core.StandardService stopInternal
INFOS: Arrêt du service Catalina
août 21, 2022 1:36:30 PM org.apache.catalina.loader.WebappClassLoader clearReferencesThreads
GRAVE: The web application [/superbet] appears to have started a thread named [com.google.common.base.internal.Finalizer] but has failed to stop it. This is very likely to create a memory leak.
août 21, 2022 1:36:30 PM org.apache.catalina.loader.WebappClassLoader clearReferencesThreads
GRAVE: The web application [/superbet] appears to have started a thread named [BoneCP-keep-alive-scheduler] but has failed to stop it. This is very likely to create a memory leak.
août 21, 2022 1:36:30 PM org.apache.catalina.loader.WebappClassLoader clearReferencesThreads
GRAVE: The web application [/superbet] appears to have started a thread named [BoneCP-pool-watch-thread] but has failed to stop it. This is very likely to create a memory leak.
août 21, 2022 1:36:30 PM org.apache.catalina.loader.WebappClassLoader clearReferencesThreads
GRAVE: The web application [/superbet] appears to have started a thread named [Thread-6] but has failed to stop it. This is very likely to create a memory leak.
août 21, 2022 1:36:30 PM org.apache.catalina.loader.WebappClassLoader clearReferencesThreads
GRAVE: The web application [/administrator] appears to have started a thread named [com.google.common.base.internal.Finalizer] but has failed to stop it. This is very likely to create a memory leak.
août 21, 2022 1:36:30 PM org.apache.catalina.loader.WebappClassLoader clearReferencesThreads
GRAVE: The web application [/administrator] appears to have started a thread named [BoneCP-keep-alive-scheduler] but has failed to stop it. This is very likely to create a memory leak.
août 21, 2022 1:36:30 PM org.apache.catalina.loader.WebappClassLoader clearReferencesThreads
GRAVE: The web application [/administrator] appears to have started a thread named [BoneCP-pool-watch-thread] but has failed to stop it. This is very likely to create a memory leak.
août 21, 2022 1:36:30 PM org.apache.coyote.AbstractProtocol stop
INFOS: Stopping ProtocolHandler ["http-bio-8080"]
août 21, 2022 1:36:30 PM org.apache.coyote.AbstractProtocol stop
INFOS: Stopping ProtocolHandler ["ajp-bio-8009"]
août 21, 2022 1:36:30 PM org.apache.coyote.AbstractProtocol destroy
INFOS: Destroying ProtocolHandler ["http-bio-8080"]
août 21, 2022 1:36:30 PM org.apache.coyote.AbstractProtocol destroy
INFOS: Destroying ProtocolHandler ["ajp-bio-8009"]
